12:01:29.194main] DEBUG org.apache.poi.openxml4j.opc.PackageRelationshipCollection.parseRelationshipsPart(PackageRelationshipCollection.java:307)opper - Parsing relationship: /xl/_rels/workbook.xml.rels
12:01:29.232main] DEBUG org.apache.poi.openxml4j.opc.PackageRelationshipCollection.parseRelationshipsPart(PackageRelationshipCollection.java:307)opper - Parsing relationship: /xl/worksheets/_rels/sheet1.xml.rels
12:01:29.238main] DEBUG org.apache.poi.openxml4j.opc.PackageRelationshipCollection.parseRelationshipsPart(PackageRelationshipCollection.java:307)opper - Parsing relationship: /_rels/.rels
12:01:29.313main] DEBUG org.apache.poi.openxml4j.opc.PackageRelationshipCollection.parseRelationshipsPart(PackageRelationshipCollection.java:307)opper - Parsing relationship: /xl/_rels/workbook.xml.rels
12:01:29.316main] DEBUG org.apache.poi.openxml4j.opc.PackageRelationshipCollection.parseRelationshipsPart(PackageRelationshipCollection.java:307)opper - Parsing relationship: /xl/worksheets/_rels/sheet1.xml.rels
12:01:29.319main] DEBUG org.apache.poi.openxml4j.opc.PackageRelationshipCollection.parseRelationshipsPart(PackageRelationshipCollection.java:307)opper - Parsing relationship: /_rels/.rels
12:01:29.390main] DEBUG org.apache.poi.openxml4j.opc.PackageRelationshipCollection.parseRelationshipsPart(PackageRelationshipCollection.java:307)opper - Parsing relationship: /xl/_rels/workbook.xml.rels
12:01:29.395main] DEBUG org.apache.poi.openxml4j.opc.PackageRelationshipCollection.parseRelationshipsPart(PackageRelationshipCollection.java:307)opper - Parsing relationship: /xl/worksheets/_rels/sheet1.xml.rels
12:01:29.399main] DEBUG org.apache.poi.openxml4j.opc.PackageRelationshipCollection.parseRelationshipsPart(PackageRelationshipCollection.java:307)opper - Parsing relationship: /_rels/.rels
12:01:29.445main] DEBUG org.apache.poi.openxml4j.opc.PackageRelationshipCollection.parseRelationshipsPart(PackageRelationshipCollection.java:307)opper - Parsing relationship: /xl/_rels/workbook.xml.rels
12:01:29.448main] DEBUG org.apache.poi.openxml4j.opc.PackageRelationshipCollection.parseRelationshipsPart(PackageRelationshipCollection.java:307)opper - Parsing relationship: /xl/worksheets/_rels/sheet1.xml.rels
12:01:29.451main] DEBUG org.apache.poi.openxml4j.opc.PackageRelationshipCollection.parseRelationshipsPart(PackageRelationshipCollection.java:307)opper - Parsing relationship: /_rels/.rels
12:01:29.491main] DEBUG org.apache.poi.openxml4j.opc.PackageRelationshipCollection.parseRelationshipsPart(PackageRelationshipCollection.java:307)opper - Parsing relationship: /xl/_rels/workbook.xml.rels
12:01:29.494main] DEBUG org.apache.poi.openxml4j.opc.PackageRelationshipCollection.parseRelationshipsPart(PackageRelationshipCollection.java:307)opper - Parsing relationship: /xl/worksheets/_rels/sheet1.xml.rels
12:01:29.497main] DEBUG org.apache.poi.openxml4j.opc.PackageRelationshipCollection.parseRelationshipsPart(PackageRelationshipCollection.java:307)opper - Parsing relationship: /_rels/.rels
12:01:29.536main] DEBUG org.apache.poi.openxml4j.opc.PackageRelationshipCollection.parseRelationshipsPart(PackageRelationshipCollection.java:307)opper - Parsing relationship: /xl/_rels/workbook.xml.rels
12:01:29.538main] DEBUG org.apache.poi.openxml4j.opc.PackageRelationshipCollection.parseRelationshipsPart(PackageRelationshipCollection.java:307)opper - Parsing relationship: /xl/worksheets/_rels/sheet1.xml.rels
12:01:29.543main] DEBUG org.apache.poi.openxml4j.opc.PackageRelationshipCollection.parseRelationshipsPart(PackageRelationshipCollection.java:307)opper - Parsing relationship: /_rels/.rels
12:01:29.580main] DEBUG org.apache.poi.openxml4j.opc.PackageRelationshipCollection.parseRelationshipsPart(PackageRelationshipCollection.java:307)opper - Parsing relationship: /xl/_rels/workbook.xml.rels
12:01:29.582main] DEBUG org.apache.poi.openxml4j.opc.PackageRelationshipCollection.parseRelationshipsPart(PackageRelationshipCollection.java:307)opper - Parsing relationship: /xl/worksheets/_rels/sheet1.xml.rels
12:01:29.585main] DEBUG org.apache.poi.openxml4j.opc.PackageRelationshipCollection.parseRelationshipsPart(PackageRelationshipCollection.java:307)opper - Parsing relationship: /_rels/.rels
12:01:29.622main] DEBUG org.apache.poi.openxml4j.opc.PackageRelationshipCollection.parseRelationshipsPart(PackageRelationshipCollection.java:307)opper - Parsing relationship: /xl/_rels/workbook.xml.rels
12:01:29.624main] DEBUG org.apache.poi.openxml4j.opc.PackageRelationshipCollection.parseRelationshipsPart(PackageRelationshipCollection.java:307)opper - Parsing relationship: /xl/worksheets/_rels/sheet1.xml.rels
12:01:29.628main] DEBUG org.apache.poi.openxml4j.opc.PackageRelationshipCollection.parseRelationshipsPart(PackageRelationshipCollection.java:307)opper - Parsing relationship: /_rels/.rels
12:01:29.664main] DEBUG org.apache.poi.openxml4j.opc.PackageRelationshipCollection.parseRelationshipsPart(PackageRelationshipCollection.java:307)opper - Parsing relationship: /xl/_rels/workbook.xml.rels
12:01:29.666main] DEBUG org.apache.poi.openxml4j.opc.PackageRelationshipCollection.parseRelationshipsPart(PackageRelationshipCollection.java:307)opper - Parsing relationship: /xl/worksheets/_rels/sheet1.xml.rels
12:01:29.669main] DEBUG org.apache.poi.openxml4j.opc.PackageRelationshipCollection.parseRelationshipsPart(PackageRelationshipCollection.java:307)opper - Parsing relationship: /_rels/.rels
12:01:29.708main] DEBUG org.apache.poi.openxml4j.opc.PackageRelationshipCollection.parseRelationshipsPart(PackageRelationshipCollection.java:307)opper - Parsing relationship: /xl/_rels/workbook.xml.rels
12:01:29.710main] DEBUG org.apache.poi.openxml4j.opc.PackageRelationshipCollection.parseRelationshipsPart(PackageRelationshipCollection.java:307)opper - Parsing relationship: /xl/worksheets/_rels/sheet1.xml.rels
12:01:29.713main] DEBUG org.apache.poi.openxml4j.opc.PackageRelationshipCollection.parseRelationshipsPart(PackageRelationshipCollection.java:307)opper - Parsing relationship: /_rels/.rels
12:01:29.759main] DEBUG org.apache.poi.openxml4j.opc.PackageRelationshipCollection.parseRelationshipsPart(PackageRelationshipCollection.java:307)opper - Parsing relationship: /xl/_rels/workbook.xml.rels
12:01:29.762main] DEBUG org.apache.poi.openxml4j.opc.PackageRelationshipCollection.parseRelationshipsPart(PackageRelationshipCollection.java:307)opper - Parsing relationship: /xl/worksheets/_rels/sheet1.xml.rels
12:01:29.764main] DEBUG org.apache.poi.openxml4j.opc.PackageRelationshipCollection.parseRelationshipsPart(PackageRelationshipCollection.java:307)opper - Parsing relationship: /_rels/.rels
12:01:29.800main] DEBUG org.apache.poi.openxml4j.opc.PackageRelationshipCollection.parseRelationshipsPart(PackageRelationshipCollection.java:307)opper - Parsing relationship: /xl/_rels/workbook.xml.rels
12:01:29.805main] DEBUG org.apache.poi.openxml4j.opc.PackageRelationshipCollection.parseRelationshipsPart(PackageRelationshipCollection.java:307)opper - Parsing relationship: /xl/worksheets/_rels/sheet1.xml.rels
12:01:29.807main] DEBUG org.apache.poi.openxml4j.opc.PackageRelationshipCollection.parseRelationshipsPart(PackageRelationshipCollection.java:307)opper - Parsing relationship: /_rels/.rels
12:01:29.852main] DEBUG org.apache.poi.openxml4j.opc.PackageRelationshipCollection.parseRelationshipsPart(PackageRelationshipCollection.java:307)opper - Parsing relationship: /xl/_rels/workbook.xml.rels
12:01:29.855main] DEBUG org.apache.poi.openxml4j.opc.PackageRelationshipCollection.parseRelationshipsPart(PackageRelationshipCollection.java:307)opper - Parsing relationship: /xl/worksheets/_rels/sheet1.xml.rels
12:01:29.858main] DEBUG org.apache.poi.openxml4j.opc.PackageRelationshipCollection.parseRelationshipsPart(PackageRelationshipCollection.java:307)opper - Parsing relationship: /_rels/.rels
12:01:29.902main] DEBUG org.apache.poi.openxml4j.opc.PackageRelationshipCollection.parseRelationshipsPart(PackageRelationshipCollection.java:307)opper - Parsing relationship: /xl/_rels/workbook.xml.rels
12:01:29.904main] DEBUG org.apache.poi.openxml4j.opc.PackageRelationshipCollection.parseRelationshipsPart(PackageRelationshipCollection.java:307)opper - Parsing relationship: /xl/worksheets/_rels/sheet1.xml.rels
12:01:29.907main] DEBUG org.apache.poi.openxml4j.opc.PackageRelationshipCollection.parseRelationshipsPart(PackageRelationshipCollection.java:307)opper - Parsing relationship: /_rels/.rels
12:01:29.939main] DEBUG org.apache.poi.openxml4j.opc.PackageRelationshipCollection.parseRelationshipsPart(PackageRelationshipCollection.java:307)opper - Parsing relationship: /xl/_rels/workbook.xml.rels
12:01:29.942main] DEBUG org.apache.poi.openxml4j.opc.PackageRelationshipCollection.parseRelationshipsPart(PackageRelationshipCollection.java:307)opper - Parsing relationship: /xl/worksheets/_rels/sheet1.xml.rels
12:01:29.944main] DEBUG org.apache.poi.openxml4j.opc.PackageRelationshipCollection.parseRelationshipsPart(PackageRelationshipCollection.java:307)opper - Parsing relationship: /_rels/.rels
12:01:29.978main] DEBUG org.apache.poi.openxml4j.opc.PackageRelationshipCollection.parseRelationshipsPart(PackageRelationshipCollection.java:307)opper - Parsing relationship: /xl/_rels/workbook.xml.rels
12:01:29.981main] DEBUG org.apache.poi.openxml4j.opc.PackageRelationshipCollection.parseRelationshipsPart(PackageRelationshipCollection.java:307)opper - Parsing relationship: /xl/worksheets/_rels/sheet1.xml.rels
12:01:29.984main] DEBUG org.apache.poi.openxml4j.opc.PackageRelationshipCollection.parseRelationshipsPart(PackageRelationshipCollection.java:307)opper - Parsing relationship: /_rels/.rels
12:01:30.020main] DEBUG org.apache.poi.openxml4j.opc.PackageRelationshipCollection.parseRelationshipsPart(PackageRelationshipCollection.java:307)opper - Parsing relationship: /xl/_rels/workbook.xml.rels
12:01:30.023main] DEBUG org.apache.poi.openxml4j.opc.PackageRelationshipCollection.parseRelationshipsPart(PackageRelationshipCollection.java:307)opper - Parsing relationship: /xl/worksheets/_rels/sheet1.xml.rels
12:01:30.026main] DEBUG org.apache.poi.openxml4j.opc.PackageRelationshipCollection.parseRelationshipsPart(PackageRelationshipCollection.java:307)opper - Parsing relationship: /_rels/.rels
12:01:30.184main] INFO  testCases.TC003_LoginDDT.verify_loginDDT(TC003_LoginDDT.java:18)opper - **** Starting TC_003_LoginDDT ****
12:01:46.483main] INFO  testCases.TC003_LoginDDT.verify_loginDDT(TC003_LoginDDT.java:65)opper - **** Finished TC_003_LoginDDT ****
12:01:46.554main] INFO  testCases.TC003_LoginDDT.verify_loginDDT(TC003_LoginDDT.java:18)opper - **** Starting TC_003_LoginDDT ****
12:02:01.897main] INFO  testCases.TC003_LoginDDT.verify_loginDDT(TC003_LoginDDT.java:65)opper - **** Finished TC_003_LoginDDT ****
12:02:01.913main] INFO  testCases.TC003_LoginDDT.verify_loginDDT(TC003_LoginDDT.java:18)opper - **** Starting TC_003_LoginDDT ****
12:02:13.839main] INFO  testCases.TC003_LoginDDT.verify_loginDDT(TC003_LoginDDT.java:65)opper - **** Finished TC_003_LoginDDT ****
12:02:13.856main] INFO  testCases.TC003_LoginDDT.verify_loginDDT(TC003_LoginDDT.java:18)opper - **** Starting TC_003_LoginDDT ****
12:02:27.059main] INFO  testCases.TC003_LoginDDT.verify_loginDDT(TC003_LoginDDT.java:65)opper - **** Finished TC_003_LoginDDT ****
12:02:27.068main] INFO  testCases.TC003_LoginDDT.verify_loginDDT(TC003_LoginDDT.java:18)opper - **** Starting TC_003_LoginDDT ****
12:02:40.247main] INFO  testCases.TC003_LoginDDT.verify_loginDDT(TC003_LoginDDT.java:65)opper - **** Finished TC_003_LoginDDT ****
12:03:06.278main] INFO  testCases.TC002_LoginTest.verify_Login(TC002_LoginTest.java:15)opper - ***** Starting TC_002_LoginTest *****
12:03:09.657main] INFO  testCases.TC002_LoginTest.verify_Login(TC002_LoginTest.java:40)opper - ***** Finished TC_002_LoginTest *****
12:07:08.829main] DEBUG org.testng.log4testng.Logger.debug(Logger.java:82)opper - suiteXmlPath: "C:\Users\Ganga\eclipse-workspace\OpenCartV121\master.xml"
12:07:09.533main] INFO  org.testng.log4testng.Logger.info(Logger.java:112)opper - [TestNG] Running:
  C:\Users\Ganga\eclipse-workspace\OpenCartV121\master.xml

12:07:24.542main] INFO  testCases.TC002_LoginTest.verify_Login(TC002_LoginTest.java:15)opper - ***** Starting TC_002_LoginTest *****
12:07:28.043main] INFO  testCases.TC002_LoginTest.verify_Login(TC002_LoginTest.java:40)opper - ***** Finished TC_002_LoginTest *****
12:08:29.949main] DEBUG org.testng.log4testng.Logger.debug(Logger.java:82)opper - suiteXmlPath: "C:\Users\Ganga\eclipse-workspace\OpenCartV121\test-output\testng-failed.xml"
12:08:30.726main] INFO  org.testng.log4testng.Logger.info(Logger.java:112)opper - [TestNG] Running:
  C:\Users\Ganga\eclipse-workspace\OpenCartV121\test-output\testng-failed.xml

12:08:42.103main] DEBUG org.apache.poi.openxml4j.opc.PackageRelationshipCollection.parseRelationshipsPart(PackageRelationshipCollection.java:307)opper - Parsing relationship: /xl/_rels/workbook.xml.rels
12:08:42.113main] DEBUG org.apache.poi.openxml4j.opc.PackageRelationshipCollection.parseRelationshipsPart(PackageRelationshipCollection.java:307)opper - Parsing relationship: /xl/worksheets/_rels/sheet1.xml.rels
12:08:42.121main] DEBUG org.apache.poi.openxml4j.opc.PackageRelationshipCollection.parseRelationshipsPart(PackageRelationshipCollection.java:307)opper - Parsing relationship: /_rels/.rels
12:08:43.820main] DEBUG org.apache.poi.openxml4j.opc.PackageRelationshipCollection.parseRelationshipsPart(PackageRelationshipCollection.java:307)opper - Parsing relationship: /xl/_rels/workbook.xml.rels
12:08:43.824main] DEBUG org.apache.poi.openxml4j.opc.PackageRelationshipCollection.parseRelationshipsPart(PackageRelationshipCollection.java:307)opper - Parsing relationship: /xl/worksheets/_rels/sheet1.xml.rels
12:08:43.830main] DEBUG org.apache.poi.openxml4j.opc.PackageRelationshipCollection.parseRelationshipsPart(PackageRelationshipCollection.java:307)opper - Parsing relationship: /_rels/.rels
12:08:43.902main] DEBUG org.apache.poi.openxml4j.opc.PackageRelationshipCollection.parseRelationshipsPart(PackageRelationshipCollection.java:307)opper - Parsing relationship: /xl/_rels/workbook.xml.rels
12:08:43.906main] DEBUG org.apache.poi.openxml4j.opc.PackageRelationshipCollection.parseRelationshipsPart(PackageRelationshipCollection.java:307)opper - Parsing relationship: /xl/worksheets/_rels/sheet1.xml.rels
12:08:43.911main] DEBUG org.apache.poi.openxml4j.opc.PackageRelationshipCollection.parseRelationshipsPart(PackageRelationshipCollection.java:307)opper - Parsing relationship: /_rels/.rels
12:08:43.988main] DEBUG org.apache.poi.openxml4j.opc.PackageRelationshipCollection.parseRelationshipsPart(PackageRelationshipCollection.java:307)opper - Parsing relationship: /xl/_rels/workbook.xml.rels
12:08:43.991main] DEBUG org.apache.poi.openxml4j.opc.PackageRelationshipCollection.parseRelationshipsPart(PackageRelationshipCollection.java:307)opper - Parsing relationship: /xl/worksheets/_rels/sheet1.xml.rels
12:08:43.996main] DEBUG org.apache.poi.openxml4j.opc.PackageRelationshipCollection.parseRelationshipsPart(PackageRelationshipCollection.java:307)opper - Parsing relationship: /_rels/.rels
12:08:44.050main] DEBUG org.apache.poi.openxml4j.opc.PackageRelationshipCollection.parseRelationshipsPart(PackageRelationshipCollection.java:307)opper - Parsing relationship: /xl/_rels/workbook.xml.rels
12:08:44.054main] DEBUG org.apache.poi.openxml4j.opc.PackageRelationshipCollection.parseRelationshipsPart(PackageRelationshipCollection.java:307)opper - Parsing relationship: /xl/worksheets/_rels/sheet1.xml.rels
12:08:44.058main] DEBUG org.apache.poi.openxml4j.opc.PackageRelationshipCollection.parseRelationshipsPart(PackageRelationshipCollection.java:307)opper - Parsing relationship: /_rels/.rels
12:08:44.222main] DEBUG org.apache.poi.openxml4j.opc.PackageRelationshipCollection.parseRelationshipsPart(PackageRelationshipCollection.java:307)opper - Parsing relationship: /xl/_rels/workbook.xml.rels
12:08:44.233main] DEBUG org.apache.poi.openxml4j.opc.PackageRelationshipCollection.parseRelationshipsPart(PackageRelationshipCollection.java:307)opper - Parsing relationship: /xl/worksheets/_rels/sheet1.xml.rels
12:08:44.239main] DEBUG org.apache.poi.openxml4j.opc.PackageRelationshipCollection.parseRelationshipsPart(PackageRelationshipCollection.java:307)opper - Parsing relationship: /_rels/.rels
12:08:44.322main] DEBUG org.apache.poi.openxml4j.opc.PackageRelationshipCollection.parseRelationshipsPart(PackageRelationshipCollection.java:307)opper - Parsing relationship: /xl/_rels/workbook.xml.rels
12:08:44.342main] DEBUG org.apache.poi.openxml4j.opc.PackageRelationshipCollection.parseRelationshipsPart(PackageRelationshipCollection.java:307)opper - Parsing relationship: /xl/worksheets/_rels/sheet1.xml.rels
12:08:44.350main] DEBUG org.apache.poi.openxml4j.opc.PackageRelationshipCollection.parseRelationshipsPart(PackageRelationshipCollection.java:307)opper - Parsing relationship: /_rels/.rels
12:08:44.439main] DEBUG org.apache.poi.openxml4j.opc.PackageRelationshipCollection.parseRelationshipsPart(PackageRelationshipCollection.java:307)opper - Parsing relationship: /xl/_rels/workbook.xml.rels
12:08:44.446main] DEBUG org.apache.poi.openxml4j.opc.PackageRelationshipCollection.parseRelationshipsPart(PackageRelationshipCollection.java:307)opper - Parsing relationship: /xl/worksheets/_rels/sheet1.xml.rels
12:08:44.450main] DEBUG org.apache.poi.openxml4j.opc.PackageRelationshipCollection.parseRelationshipsPart(PackageRelationshipCollection.java:307)opper - Parsing relationship: /_rels/.rels
12:08:44.509main] DEBUG org.apache.poi.openxml4j.opc.PackageRelationshipCollection.parseRelationshipsPart(PackageRelationshipCollection.java:307)opper - Parsing relationship: /xl/_rels/workbook.xml.rels
12:08:44.512main] DEBUG org.apache.poi.openxml4j.opc.PackageRelationshipCollection.parseRelationshipsPart(PackageRelationshipCollection.java:307)opper - Parsing relationship: /xl/worksheets/_rels/sheet1.xml.rels
12:08:44.518main] DEBUG org.apache.poi.openxml4j.opc.PackageRelationshipCollection.parseRelationshipsPart(PackageRelationshipCollection.java:307)opper - Parsing relationship: /_rels/.rels
12:08:44.577main] DEBUG org.apache.poi.openxml4j.opc.PackageRelationshipCollection.parseRelationshipsPart(PackageRelationshipCollection.java:307)opper - Parsing relationship: /xl/_rels/workbook.xml.rels
12:08:44.581main] DEBUG org.apache.poi.openxml4j.opc.PackageRelationshipCollection.parseRelationshipsPart(PackageRelationshipCollection.java:307)opper - Parsing relationship: /xl/worksheets/_rels/sheet1.xml.rels
12:08:44.586main] DEBUG org.apache.poi.openxml4j.opc.PackageRelationshipCollection.parseRelationshipsPart(PackageRelationshipCollection.java:307)opper - Parsing relationship: /_rels/.rels
12:08:44.646main] DEBUG org.apache.poi.openxml4j.opc.PackageRelationshipCollection.parseRelationshipsPart(PackageRelationshipCollection.java:307)opper - Parsing relationship: /xl/_rels/workbook.xml.rels
12:08:44.648main] DEBUG org.apache.poi.openxml4j.opc.PackageRelationshipCollection.parseRelationshipsPart(PackageRelationshipCollection.java:307)opper - Parsing relationship: /xl/worksheets/_rels/sheet1.xml.rels
12:08:44.651main] DEBUG org.apache.poi.openxml4j.opc.PackageRelationshipCollection.parseRelationshipsPart(PackageRelationshipCollection.java:307)opper - Parsing relationship: /_rels/.rels
12:08:44.753main] DEBUG org.apache.poi.openxml4j.opc.PackageRelationshipCollection.parseRelationshipsPart(PackageRelationshipCollection.java:307)opper - Parsing relationship: /xl/_rels/workbook.xml.rels
12:08:44.755main] DEBUG org.apache.poi.openxml4j.opc.PackageRelationshipCollection.parseRelationshipsPart(PackageRelationshipCollection.java:307)opper - Parsing relationship: /xl/worksheets/_rels/sheet1.xml.rels
12:08:44.758main] DEBUG org.apache.poi.openxml4j.opc.PackageRelationshipCollection.parseRelationshipsPart(PackageRelationshipCollection.java:307)opper - Parsing relationship: /_rels/.rels
12:08:44.809main] DEBUG org.apache.poi.openxml4j.opc.PackageRelationshipCollection.parseRelationshipsPart(PackageRelationshipCollection.java:307)opper - Parsing relationship: /xl/_rels/workbook.xml.rels
12:08:44.812main] DEBUG org.apache.poi.openxml4j.opc.PackageRelationshipCollection.parseRelationshipsPart(PackageRelationshipCollection.java:307)opper - Parsing relationship: /xl/worksheets/_rels/sheet1.xml.rels
12:08:44.824main] DEBUG org.apache.poi.openxml4j.opc.PackageRelationshipCollection.parseRelationshipsPart(PackageRelationshipCollection.java:307)opper - Parsing relationship: /_rels/.rels
12:08:44.875main] DEBUG org.apache.poi.openxml4j.opc.PackageRelationshipCollection.parseRelationshipsPart(PackageRelationshipCollection.java:307)opper - Parsing relationship: /xl/_rels/workbook.xml.rels
12:08:44.884main] DEBUG org.apache.poi.openxml4j.opc.PackageRelationshipCollection.parseRelationshipsPart(PackageRelationshipCollection.java:307)opper - Parsing relationship: /xl/worksheets/_rels/sheet1.xml.rels
12:08:44.888main] DEBUG org.apache.poi.openxml4j.opc.PackageRelationshipCollection.parseRelationshipsPart(PackageRelationshipCollection.java:307)opper - Parsing relationship: /_rels/.rels
12:08:44.938main] DEBUG org.apache.poi.openxml4j.opc.PackageRelationshipCollection.parseRelationshipsPart(PackageRelationshipCollection.java:307)opper - Parsing relationship: /xl/_rels/workbook.xml.rels
12:08:44.942main] DEBUG org.apache.poi.openxml4j.opc.PackageRelationshipCollection.parseRelationshipsPart(PackageRelationshipCollection.java:307)opper - Parsing relationship: /xl/worksheets/_rels/sheet1.xml.rels
12:08:44.951main] DEBUG org.apache.poi.openxml4j.opc.PackageRelationshipCollection.parseRelationshipsPart(PackageRelationshipCollection.java:307)opper - Parsing relationship: /_rels/.rels
12:08:44.997main] DEBUG org.apache.poi.openxml4j.opc.PackageRelationshipCollection.parseRelationshipsPart(PackageRelationshipCollection.java:307)opper - Parsing relationship: /xl/_rels/workbook.xml.rels
12:08:45.000main] DEBUG org.apache.poi.openxml4j.opc.PackageRelationshipCollection.parseRelationshipsPart(PackageRelationshipCollection.java:307)opper - Parsing relationship: /xl/worksheets/_rels/sheet1.xml.rels
12:08:45.004main] DEBUG org.apache.poi.openxml4j.opc.PackageRelationshipCollection.parseRelationshipsPart(PackageRelationshipCollection.java:307)opper - Parsing relationship: /_rels/.rels
12:08:45.059main] DEBUG org.apache.poi.openxml4j.opc.PackageRelationshipCollection.parseRelationshipsPart(PackageRelationshipCollection.java:307)opper - Parsing relationship: /xl/_rels/workbook.xml.rels
12:08:45.064main] DEBUG org.apache.poi.openxml4j.opc.PackageRelationshipCollection.parseRelationshipsPart(PackageRelationshipCollection.java:307)opper - Parsing relationship: /xl/worksheets/_rels/sheet1.xml.rels
12:08:45.069main] DEBUG org.apache.poi.openxml4j.opc.PackageRelationshipCollection.parseRelationshipsPart(PackageRelationshipCollection.java:307)opper - Parsing relationship: /_rels/.rels
12:08:45.126main] DEBUG org.apache.poi.openxml4j.opc.PackageRelationshipCollection.parseRelationshipsPart(PackageRelationshipCollection.java:307)opper - Parsing relationship: /xl/_rels/workbook.xml.rels
12:08:45.132main] DEBUG org.apache.poi.openxml4j.opc.PackageRelationshipCollection.parseRelationshipsPart(PackageRelationshipCollection.java:307)opper - Parsing relationship: /xl/worksheets/_rels/sheet1.xml.rels
12:08:45.136main] DEBUG org.apache.poi.openxml4j.opc.PackageRelationshipCollection.parseRelationshipsPart(PackageRelationshipCollection.java:307)opper - Parsing relationship: /_rels/.rels
12:08:45.196main] DEBUG org.apache.poi.openxml4j.opc.PackageRelationshipCollection.parseRelationshipsPart(PackageRelationshipCollection.java:307)opper - Parsing relationship: /xl/_rels/workbook.xml.rels
12:08:45.200main] DEBUG org.apache.poi.openxml4j.opc.PackageRelationshipCollection.parseRelationshipsPart(PackageRelationshipCollection.java:307)opper - Parsing relationship: /xl/worksheets/_rels/sheet1.xml.rels
12:08:45.203main] DEBUG org.apache.poi.openxml4j.opc.PackageRelationshipCollection.parseRelationshipsPart(PackageRelationshipCollection.java:307)opper - Parsing relationship: /_rels/.rels
12:08:45.265main] DEBUG org.apache.poi.openxml4j.opc.PackageRelationshipCollection.parseRelationshipsPart(PackageRelationshipCollection.java:307)opper - Parsing relationship: /xl/_rels/workbook.xml.rels
12:08:45.268main] DEBUG org.apache.poi.openxml4j.opc.PackageRelationshipCollection.parseRelationshipsPart(PackageRelationshipCollection.java:307)opper - Parsing relationship: /xl/worksheets/_rels/sheet1.xml.rels
12:08:45.271main] DEBUG org.apache.poi.openxml4j.opc.PackageRelationshipCollection.parseRelationshipsPart(PackageRelationshipCollection.java:307)opper - Parsing relationship: /_rels/.rels
12:08:45.332main] DEBUG org.apache.poi.openxml4j.opc.PackageRelationshipCollection.parseRelationshipsPart(PackageRelationshipCollection.java:307)opper - Parsing relationship: /xl/_rels/workbook.xml.rels
12:08:45.334main] DEBUG org.apache.poi.openxml4j.opc.PackageRelationshipCollection.parseRelationshipsPart(PackageRelationshipCollection.java:307)opper - Parsing relationship: /xl/worksheets/_rels/sheet1.xml.rels
12:08:45.339main] DEBUG org.apache.poi.openxml4j.opc.PackageRelationshipCollection.parseRelationshipsPart(PackageRelationshipCollection.java:307)opper - Parsing relationship: /_rels/.rels
12:08:45.384main] DEBUG org.apache.poi.openxml4j.opc.PackageRelationshipCollection.parseRelationshipsPart(PackageRelationshipCollection.java:307)opper - Parsing relationship: /xl/_rels/workbook.xml.rels
12:08:45.386main] DEBUG org.apache.poi.openxml4j.opc.PackageRelationshipCollection.parseRelationshipsPart(PackageRelationshipCollection.java:307)opper - Parsing relationship: /xl/worksheets/_rels/sheet1.xml.rels
12:08:45.389main] DEBUG org.apache.poi.openxml4j.opc.PackageRelationshipCollection.parseRelationshipsPart(PackageRelationshipCollection.java:307)opper - Parsing relationship: /_rels/.rels
12:08:45.454main] DEBUG org.apache.poi.openxml4j.opc.PackageRelationshipCollection.parseRelationshipsPart(PackageRelationshipCollection.java:307)opper - Parsing relationship: /xl/_rels/workbook.xml.rels
12:08:45.457main] DEBUG org.apache.poi.openxml4j.opc.PackageRelationshipCollection.parseRelationshipsPart(PackageRelationshipCollection.java:307)opper - Parsing relationship: /xl/worksheets/_rels/sheet1.xml.rels
12:08:45.461main] DEBUG org.apache.poi.openxml4j.opc.PackageRelationshipCollection.parseRelationshipsPart(PackageRelationshipCollection.java:307)opper - Parsing relationship: /_rels/.rels
12:08:45.509main] DEBUG org.apache.poi.openxml4j.opc.PackageRelationshipCollection.parseRelationshipsPart(PackageRelationshipCollection.java:307)opper - Parsing relationship: /xl/_rels/workbook.xml.rels
12:08:45.512main] DEBUG org.apache.poi.openxml4j.opc.PackageRelationshipCollection.parseRelationshipsPart(PackageRelationshipCollection.java:307)opper - Parsing relationship: /xl/worksheets/_rels/sheet1.xml.rels
12:08:45.515main] DEBUG org.apache.poi.openxml4j.opc.PackageRelationshipCollection.parseRelationshipsPart(PackageRelationshipCollection.java:307)opper - Parsing relationship: /_rels/.rels
12:08:45.557main] DEBUG org.apache.poi.openxml4j.opc.PackageRelationshipCollection.parseRelationshipsPart(PackageRelationshipCollection.java:307)opper - Parsing relationship: /xl/_rels/workbook.xml.rels
12:08:45.563main] DEBUG org.apache.poi.openxml4j.opc.PackageRelationshipCollection.parseRelationshipsPart(PackageRelationshipCollection.java:307)opper - Parsing relationship: /xl/worksheets/_rels/sheet1.xml.rels
12:08:45.567main] DEBUG org.apache.poi.openxml4j.opc.PackageRelationshipCollection.parseRelationshipsPart(PackageRelationshipCollection.java:307)opper - Parsing relationship: /_rels/.rels
12:08:45.672main] DEBUG org.apache.poi.openxml4j.opc.PackageRelationshipCollection.parseRelationshipsPart(PackageRelationshipCollection.java:307)opper - Parsing relationship: /xl/_rels/workbook.xml.rels
12:08:45.675main] DEBUG org.apache.poi.openxml4j.opc.PackageRelationshipCollection.parseRelationshipsPart(PackageRelationshipCollection.java:307)opper - Parsing relationship: /xl/worksheets/_rels/sheet1.xml.rels
12:08:45.677main] DEBUG org.apache.poi.openxml4j.opc.PackageRelationshipCollection.parseRelationshipsPart(PackageRelationshipCollection.java:307)opper - Parsing relationship: /_rels/.rels
12:08:45.754main] INFO  testCases.TC003_LoginDDT.verify_loginDDT(TC003_LoginDDT.java:18)opper - **** Starting TC_003_LoginDDT ****
12:08:59.566main] INFO  testCases.TC003_LoginDDT.verify_loginDDT(TC003_LoginDDT.java:65)opper - **** Finished TC_003_LoginDDT ****
12:08:59.601main] INFO  testCases.TC003_LoginDDT.verify_loginDDT(TC003_LoginDDT.java:18)opper - **** Starting TC_003_LoginDDT ****
12:09:11.401main] INFO  testCases.TC003_LoginDDT.verify_loginDDT(TC003_LoginDDT.java:65)opper - **** Finished TC_003_LoginDDT ****
12:09:11.415main] INFO  testCases.TC003_LoginDDT.verify_loginDDT(TC003_LoginDDT.java:18)opper - **** Starting TC_003_LoginDDT ****
12:09:23.306main] INFO  testCases.TC003_LoginDDT.verify_loginDDT(TC003_LoginDDT.java:65)opper - **** Finished TC_003_LoginDDT ****
12:09:23.318main] INFO  testCases.TC003_LoginDDT.verify_loginDDT(TC003_LoginDDT.java:18)opper - **** Starting TC_003_LoginDDT ****
12:09:36.905main] INFO  testCases.TC003_LoginDDT.verify_loginDDT(TC003_LoginDDT.java:65)opper - **** Finished TC_003_LoginDDT ****
12:09:36.921main] INFO  testCases.TC003_LoginDDT.verify_loginDDT(TC003_LoginDDT.java:18)opper - **** Starting TC_003_LoginDDT ****
12:09:51.861main] INFO  testCases.TC003_LoginDDT.verify_loginDDT(TC003_LoginDDT.java:65)opper - **** Finished TC_003_LoginDDT ****
12:10:09.905main] INFO  testCases.TC002_LoginTest.verify_Login(TC002_LoginTest.java:15)opper - ***** Starting TC_002_LoginTest *****
12:33:19.550main] DEBUG org.testng.log4testng.Logger.debug(Logger.java:82)opper - suiteXmlPath: "C:\Users\Ganga\eclipse-workspace\OpenCartV121\master.xml"
12:33:20.259main] INFO  org.testng.log4testng.Logger.info(Logger.java:112)opper - [TestNG] Running:
  C:\Users\Ganga\eclipse-workspace\OpenCartV121\master.xml

12:34:16.385main] INFO  testCases.TC002_LoginTest.verify_Login(TC002_LoginTest.java:15)opper - ***** Starting TC_002_LoginTest *****
12:34:32.514main] INFO  testCases.TC002_LoginTest.verify_Login(TC002_LoginTest.java:40)opper - ***** Finished TC_002_LoginTest *****
12:50:53.997main] DEBUG org.testng.log4testng.Logger.debug(Logger.java:82)opper - suiteXmlPath: "C:\Users\Ganga\eclipse-workspace\OpenCartV121\master.xml"
12:50:54.779main] INFO  org.testng.log4testng.Logger.info(Logger.java:112)opper - [TestNG] Running:
  C:\Users\Ganga\eclipse-workspace\OpenCartV121\master.xml

12:51:27.528main] INFO  testCases.TC002_LoginTest.verify_Login(TC002_LoginTest.java:15)opper - ***** Starting TC_002_LoginTest *****
12:51:31.521main] INFO  testCases.TC002_LoginTest.verify_Login(TC002_LoginTest.java:40)opper - ***** Finished TC_002_LoginTest *****
15:41:22.590main] DEBUG org.testng.log4testng.Logger.debug(Logger.java:82)opper - suiteXmlPath: "C:\Users\Ganga\eclipse-workspace\OpenCartV121\master.xml"
15:41:23.461main] INFO  org.testng.log4testng.Logger.info(Logger.java:112)opper - [TestNG] Running:
  C:\Users\Ganga\eclipse-workspace\OpenCartV121\master.xml

15:43:34.000main] INFO  testCases.TC002_LoginTest.verify_Login(TC002_LoginTest.java:15)opper - ***** Starting TC_002_LoginTest *****
15:43:44.358main] INFO  testCases.TC002_LoginTest.verify_Login(TC002_LoginTest.java:40)opper - ***** Finished TC_002_LoginTest *****
15:45:53.259main] DEBUG org.testng.log4testng.Logger.debug(Logger.java:82)opper - suiteXmlPath: "C:\Users\Ganga\eclipse-workspace\OpenCartV121\master.xml"
15:45:54.041main] INFO  org.testng.log4testng.Logger.info(Logger.java:112)opper - [TestNG] Running:
  C:\Users\Ganga\eclipse-workspace\OpenCartV121\master.xml

15:46:57.576main] INFO  testCases.TC002_LoginTest.verify_Login(TC002_LoginTest.java:15)opper - ***** Starting TC_002_LoginTest *****
15:47:11.721main] INFO  testCases.TC002_LoginTest.verify_Login(TC002_LoginTest.java:40)opper - ***** Finished TC_002_LoginTest *****
15:57:09.607main] DEBUG org.testng.log4testng.Logger.debug(Logger.java:82)opper - suiteXmlPath: "C:\Users\Ganga\eclipse-workspace\OpenCartV121\master.xml"
15:57:10.365main] INFO  org.testng.log4testng.Logger.info(Logger.java:112)opper - [TestNG] Running:
  C:\Users\Ganga\eclipse-workspace\OpenCartV121\master.xml

15:58:39.555main] INFO  testCases.TC002_LoginTest.verify_Login(TC002_LoginTest.java:15)opper - ***** Starting TC_002_LoginTest *****
15:59:01.615main] INFO  testCases.TC002_LoginTest.verify_Login(TC002_LoginTest.java:40)opper - ***** Finished TC_002_LoginTest *****
16:02:04.581main] DEBUG org.testng.log4testng.Logger.debug(Logger.java:82)opper - suiteXmlPath: "C:\Users\Ganga\eclipse-workspace\OpenCartV121\master.xml"
16:02:05.368main] INFO  org.testng.log4testng.Logger.info(Logger.java:112)opper - [TestNG] Running:
  C:\Users\Ganga\eclipse-workspace\OpenCartV121\master.xml

16:03:09.542main] INFO  testCases.TC002_LoginTest.verify_Login(TC002_LoginTest.java:15)opper - ***** Starting TC_002_LoginTest *****
16:03:16.423main] INFO  testCases.TC002_LoginTest.verify_Login(TC002_LoginTest.java:40)opper - ***** Finished TC_002_LoginTest *****
16:06:04.931main] DEBUG org.testng.log4testng.Logger.debug(Logger.java:82)opper - suiteXmlPath: "C:\Users\Ganga\eclipse-workspace\OpenCartV121\master.xml"
16:06:06.134main] INFO  org.testng.log4testng.Logger.info(Logger.java:112)opper - [TestNG] Running:
  C:\Users\Ganga\eclipse-workspace\OpenCartV121\master.xml

16:07:29.772main] INFO  testCases.TC002_LoginTest.verify_Login(TC002_LoginTest.java:15)opper - ***** Starting TC_002_LoginTest *****
16:07:35.962main] INFO  testCases.TC002_LoginTest.verify_Login(TC002_LoginTest.java:40)opper - ***** Finished TC_002_LoginTest *****
16:11:13.013main] DEBUG org.testng.log4testng.Logger.debug(Logger.java:82)opper - suiteXmlPath: "C:\Users\Ganga\eclipse-workspace\OpenCartV121\master.xml"
16:11:13.706main] INFO  org.testng.log4testng.Logger.info(Logger.java:112)opper - [TestNG] Running:
  C:\Users\Ganga\eclipse-workspace\OpenCartV121\master.xml

16:12:06.398main] INFO  testCases.TC002_LoginTest.verify_Login(TC002_LoginTest.java:15)opper - ***** Starting TC_002_LoginTest *****
16:12:19.666main] INFO  testCases.TC002_LoginTest.verify_Login(TC002_LoginTest.java:40)opper - ***** Finished TC_002_LoginTest *****
16:22:51.029main] DEBUG org.testng.log4testng.Logger.debug(Logger.java:82)opper - suiteXmlPath: "C:\Users\Ganga\eclipse-workspace\OpenCartV121\master.xml"
16:22:51.848main] INFO  org.testng.log4testng.Logger.info(Logger.java:112)opper - [TestNG] Running:
  C:\Users\Ganga\eclipse-workspace\OpenCartV121\master.xml

16:25:19.647main] INFO  testCases.TC002_LoginTest.verify_Login(TC002_LoginTest.java:15)opper - ***** Starting TC_002_LoginTest *****
16:25:39.726main] INFO  testCases.TC002_LoginTest.verify_Login(TC002_LoginTest.java:40)opper - ***** Finished TC_002_LoginTest *****
16:35:39.410main] DEBUG org.testng.log4testng.Logger.debug(Logger.java:82)opper - suiteXmlPath: "C:\Users\Ganga\eclipse-workspace\OpenCartV121\master.xml"
16:35:40.171main] INFO  org.testng.log4testng.Logger.info(Logger.java:112)opper - [TestNG] Running:
  C:\Users\Ganga\eclipse-workspace\OpenCartV121\master.xml

16:36:35.033main] INFO  testCases.TC002_LoginTest.verify_Login(TC002_LoginTest.java:15)opper - ***** Starting TC_002_LoginTest *****
16:36:43.013main] INFO  testCases.TC002_LoginTest.verify_Login(TC002_LoginTest.java:40)opper - ***** Finished TC_002_LoginTest *****
16:37:00.802main] DEBUG org.testng.log4testng.Logger.debug(Logger.java:82)opper - suiteXmlPath: "C:\Users\Ganga\eclipse-workspace\OpenCartV121\master.xml"
16:37:02.036main] INFO  org.testng.log4testng.Logger.info(Logger.java:112)opper - [TestNG] Running:
  C:\Users\Ganga\eclipse-workspace\OpenCartV121\master.xml

16:37:29.487main] INFO  testCases.TC002_LoginTest.verify_Login(TC002_LoginTest.java:15)opper - ***** Starting TC_002_LoginTest *****
16:37:45.457main] INFO  testCases.TC002_LoginTest.verify_Login(TC002_LoginTest.java:40)opper - ***** Finished TC_002_LoginTest *****
16:40:33.336main] DEBUG org.testng.log4testng.Logger.debug(Logger.java:82)opper - suiteXmlPath: "C:\Users\Ganga\eclipse-workspace\OpenCartV121\crossbrowsertestng.xml"
16:42:34.582main] DEBUG org.testng.log4testng.Logger.debug(Logger.java:82)opper - suiteXmlPath: "C:\Users\Ganga\eclipse-workspace\OpenCartV121\crossbrowsertestng.xml"
16:42:35.250main] INFO  org.testng.log4testng.Logger.info(Logger.java:112)opper - [TestNG] Running:
  C:\Users\Ganga\eclipse-workspace\OpenCartV121\crossbrowsertestng.xml

16:43:45.961main] INFO  testCases.TC001_AccountRegistrationTest.verify_account_registration(TC001_AccountRegistrationTest.java:15)opper - ***** Starting TC001_AccountRegistrationTest *****
16:43:49.771main] INFO  testCases.TC001_AccountRegistrationTest.verify_account_registration(TC001_AccountRegistrationTest.java:20)opper - Clicked on MyAccont Link
16:43:54.309main] INFO  testCases.TC001_AccountRegistrationTest.verify_account_registration(TC001_AccountRegistrationTest.java:23)opper - Clicked on Register Link
16:43:54.403main] INFO  testCases.TC001_AccountRegistrationTest.verify_account_registration(TC001_AccountRegistrationTest.java:27)opper - Providing Customer Details....
16:44:03.359main] INFO  testCases.TC001_AccountRegistrationTest.verify_account_registration(TC001_AccountRegistrationTest.java:42)opper - Validating Expected Result
16:44:03.648main] INFO  testCases.TC001_AccountRegistrationTest.verify_account_registration(TC001_AccountRegistrationTest.java:57)opper - ***** Finished TC001_AccountRegistrationTest *****
16:45:30.128main] DEBUG org.testng.log4testng.Logger.debug(Logger.java:82)opper - suiteXmlPath: "C:\Users\Ganga\eclipse-workspace\OpenCartV121\crossbrowsertestng.xml"
16:45:30.926main] INFO  org.testng.log4testng.Logger.info(Logger.java:112)opper - [TestNG] Running:
  C:\Users\Ganga\eclipse-workspace\OpenCartV121\crossbrowsertestng.xml

16:45:58.613main] INFO  testCases.TC001_AccountRegistrationTest.verify_account_registration(TC001_AccountRegistrationTest.java:15)opper - ***** Starting TC001_AccountRegistrationTest *****
16:46:00.999main] INFO  testCases.TC001_AccountRegistrationTest.verify_account_registration(TC001_AccountRegistrationTest.java:20)opper - Clicked on MyAccont Link
16:46:05.502main] INFO  testCases.TC001_AccountRegistrationTest.verify_account_registration(TC001_AccountRegistrationTest.java:23)opper - Clicked on Register Link
16:46:05.528main] INFO  testCases.TC001_AccountRegistrationTest.verify_account_registration(TC001_AccountRegistrationTest.java:27)opper - Providing Customer Details....
16:46:10.090main] INFO  testCases.TC001_AccountRegistrationTest.verify_account_registration(TC001_AccountRegistrationTest.java:42)opper - Validating Expected Result
16:46:10.400main] INFO  testCases.TC001_AccountRegistrationTest.verify_account_registration(TC001_AccountRegistrationTest.java:57)opper - ***** Finished TC001_AccountRegistrationTest *****
16:48:05.570main] INFO  testCases.TC001_AccountRegistrationTest.verify_account_registration(TC001_AccountRegistrationTest.java:15)opper - ***** Starting TC001_AccountRegistrationTest *****
16:48:13.970main] INFO  testCases.TC001_AccountRegistrationTest.verify_account_registration(TC001_AccountRegistrationTest.java:20)opper - Clicked on MyAccont Link
16:48:22.335main] INFO  testCases.TC001_AccountRegistrationTest.verify_account_registration(TC001_AccountRegistrationTest.java:23)opper - Clicked on Register Link
16:48:22.338main] INFO  testCases.TC001_AccountRegistrationTest.verify_account_registration(TC001_AccountRegistrationTest.java:27)opper - Providing Customer Details....
16:48:38.568main] INFO  testCases.TC001_AccountRegistrationTest.verify_account_registration(TC001_AccountRegistrationTest.java:42)opper - Validating Expected Result
16:48:39.183main] INFO  testCases.TC001_AccountRegistrationTest.verify_account_registration(TC001_AccountRegistrationTest.java:57)opper - ***** Finished TC001_AccountRegistrationTest *****
14:57:17.363main] DEBUG org.testng.log4testng.Logger.debug(Logger.java:82)opper - suiteXmlPath: "C:\Users\Ganga\eclipse-workspace\OpenCartV121\master.xml"
14:57:20.803main] INFO  org.testng.log4testng.Logger.info(Logger.java:112)opper - [TestNG] Running:
  C:\Users\Ganga\eclipse-workspace\OpenCartV121\master.xml

15:00:33.191main] INFO  testCases.TC002_LoginTest.verify_Login(TC002_LoginTest.java:15)opper - ***** Starting TC_002_LoginTest *****
15:00:37.946main] INFO  testCases.TC002_LoginTest.verify_Login(TC002_LoginTest.java:40)opper - ***** Finished TC_002_LoginTest *****
16:43:55.319main] DEBUG org.testng.log4testng.Logger.debug(Logger.java:82)opper - suiteXmlPath: "C:\Users\Ganga\eclipse-workspace\OpenCartV121\master.xml"
16:43:57.591main] INFO  org.testng.log4testng.Logger.info(Logger.java:112)opper - [TestNG] Running:
  C:\Users\Ganga\eclipse-workspace\OpenCartV121\master.xml

16:45:41.406main] INFO  testCases.TC002_LoginTest.verify_Login(TC002_LoginTest.java:15)opper - ***** Starting TC_002_LoginTest *****
16:45:55.500main] INFO  testCases.TC002_LoginTest.verify_Login(TC002_LoginTest.java:40)opper - ***** Finished TC_002_LoginTest *****
17:14:04.004main] DEBUG org.testng.log4testng.Logger.debug(Logger.java:82)opper - suiteXmlPath: "C:\Users\Ganga\eclipse-workspace\OpenCartV121\master.xml"
