12:49:42.388main] INFO  org.testng.log4testng.Logger.info(Logger.java:112)opper - [TestNG] Time taken by org.testng.reporters.jq.Main@13047d7d: 142 ms
12:49:42.438main] INFO  org.testng.log4testng.Logger.info(Logger.java:112)opper - [TestNG] Time taken by org.testng.reporters.FailedReporter@1dcca8d3: 23 ms
12:49:42.457main] INFO  org.testng.log4testng.Logger.info(Logger.java:112)opper - [TestNG] Time taken by org.testng.reporters.XMLReporter@47d7bfb3: 19 ms
12:49:42.477main] INFO  org.testng.log4testng.Logger.info(Logger.java:112)opper - [TestNG] Time taken by org.testng.reporters.EmailableReporter2@5c645b43: 19 ms
12:49:42.490main] INFO  org.testng.log4testng.Logger.info(Logger.java:112)opper - [TestNG] Time taken by org.testng.reporters.JUnitReportReporter@17814b1c: 12 ms
12:49:42.493main] INFO  org.testng.log4testng.Logger.info(Logger.java:112)opper - [TestNG] Time taken by org.testng.internal.ExitCodeListener@7ac9af2a: 0 ms
12:57:37.509main] DEBUG org.testng.log4testng.Logger.debug(Logger.java:82)opper - suiteXmlPath: "C:\Users\Ganga\eclipse-workspace\OpenCartV121\master.xml"
12:57:38.337main] INFO  org.testng.log4testng.Logger.info(Logger.java:112)opper - [TestNG] Running:
  C:\Users\Ganga\eclipse-workspace\OpenCartV121\master.xml

12:58:09.707main] DEBUG org.apache.poi.openxml4j.opc.PackageRelationshipCollection.parseRelationshipsPart(PackageRelationshipCollection.java:307)opper - Parsing relationship: /xl/_rels/workbook.xml.rels
12:58:09.716main] DEBUG org.apache.poi.openxml4j.opc.PackageRelationshipCollection.parseRelationshipsPart(PackageRelationshipCollection.java:307)opper - Parsing relationship: /xl/worksheets/_rels/sheet1.xml.rels
12:58:09.724main] DEBUG org.apache.poi.openxml4j.opc.PackageRelationshipCollection.parseRelationshipsPart(PackageRelationshipCollection.java:307)opper - Parsing relationship: /_rels/.rels
12:58:14.658main] DEBUG org.apache.poi.openxml4j.opc.PackageRelationshipCollection.parseRelationshipsPart(PackageRelationshipCollection.java:307)opper - Parsing relationship: /xl/_rels/workbook.xml.rels
12:58:14.669main] DEBUG org.apache.poi.openxml4j.opc.PackageRelationshipCollection.parseRelationshipsPart(PackageRelationshipCollection.java:307)opper - Parsing relationship: /xl/worksheets/_rels/sheet1.xml.rels
12:58:14.675main] DEBUG org.apache.poi.openxml4j.opc.PackageRelationshipCollection.parseRelationshipsPart(PackageRelationshipCollection.java:307)opper - Parsing relationship: /_rels/.rels
12:58:14.798main] DEBUG org.apache.poi.openxml4j.opc.PackageRelationshipCollection.parseRelationshipsPart(PackageRelationshipCollection.java:307)opper - Parsing relationship: /xl/_rels/workbook.xml.rels
12:58:14.802main] DEBUG org.apache.poi.openxml4j.opc.PackageRelationshipCollection.parseRelationshipsPart(PackageRelationshipCollection.java:307)opper - Parsing relationship: /xl/worksheets/_rels/sheet1.xml.rels
12:58:14.807main] DEBUG org.apache.poi.openxml4j.opc.PackageRelationshipCollection.parseRelationshipsPart(PackageRelationshipCollection.java:307)opper - Parsing relationship: /_rels/.rels
12:58:15.029main] DEBUG org.apache.poi.openxml4j.opc.PackageRelationshipCollection.parseRelationshipsPart(PackageRelationshipCollection.java:307)opper - Parsing relationship: /xl/_rels/workbook.xml.rels
12:58:15.054main] DEBUG org.apache.poi.openxml4j.opc.PackageRelationshipCollection.parseRelationshipsPart(PackageRelationshipCollection.java:307)opper - Parsing relationship: /xl/worksheets/_rels/sheet1.xml.rels
12:58:15.059main] DEBUG org.apache.poi.openxml4j.opc.PackageRelationshipCollection.parseRelationshipsPart(PackageRelationshipCollection.java:307)opper - Parsing relationship: /_rels/.rels
12:58:15.181main] DEBUG org.apache.poi.openxml4j.opc.PackageRelationshipCollection.parseRelationshipsPart(PackageRelationshipCollection.java:307)opper - Parsing relationship: /xl/_rels/workbook.xml.rels
12:58:15.194main] DEBUG org.apache.poi.openxml4j.opc.PackageRelationshipCollection.parseRelationshipsPart(PackageRelationshipCollection.java:307)opper - Parsing relationship: /xl/worksheets/_rels/sheet1.xml.rels
12:58:15.202main] DEBUG org.apache.poi.openxml4j.opc.PackageRelationshipCollection.parseRelationshipsPart(PackageRelationshipCollection.java:307)opper - Parsing relationship: /_rels/.rels
12:58:15.249main] DEBUG org.apache.poi.openxml4j.opc.PackageRelationshipCollection.parseRelationshipsPart(PackageRelationshipCollection.java:307)opper - Parsing relationship: /xl/_rels/workbook.xml.rels
12:58:15.252main] DEBUG org.apache.poi.openxml4j.opc.PackageRelationshipCollection.parseRelationshipsPart(PackageRelationshipCollection.java:307)opper - Parsing relationship: /xl/worksheets/_rels/sheet1.xml.rels
12:58:15.256main] DEBUG org.apache.poi.openxml4j.opc.PackageRelationshipCollection.parseRelationshipsPart(PackageRelationshipCollection.java:307)opper - Parsing relationship: /_rels/.rels
13:02:11.371main] DEBUG org.testng.log4testng.Logger.debug(Logger.java:82)opper - suiteXmlPath: "C:\Users\Ganga\eclipse-workspace\OpenCartV121\master.xml"
13:02:12.099main] INFO  org.testng.log4testng.Logger.info(Logger.java:112)opper - [TestNG] Running:
  C:\Users\Ganga\eclipse-workspace\OpenCartV121\master.xml

13:02:44.187main] DEBUG org.apache.poi.openxml4j.opc.PackageRelationshipCollection.parseRelationshipsPart(PackageRelationshipCollection.java:307)opper - Parsing relationship: /xl/_rels/workbook.xml.rels
13:02:44.211main] DEBUG org.apache.poi.openxml4j.opc.PackageRelationshipCollection.parseRelationshipsPart(PackageRelationshipCollection.java:307)opper - Parsing relationship: /xl/worksheets/_rels/sheet1.xml.rels
13:02:44.258main] DEBUG org.apache.poi.openxml4j.opc.PackageRelationshipCollection.parseRelationshipsPart(PackageRelationshipCollection.java:307)opper - Parsing relationship: /_rels/.rels
13:02:50.084main] DEBUG org.apache.poi.openxml4j.opc.PackageRelationshipCollection.parseRelationshipsPart(PackageRelationshipCollection.java:307)opper - Parsing relationship: /xl/_rels/workbook.xml.rels
13:02:50.090main] DEBUG org.apache.poi.openxml4j.opc.PackageRelationshipCollection.parseRelationshipsPart(PackageRelationshipCollection.java:307)opper - Parsing relationship: /xl/worksheets/_rels/sheet1.xml.rels
13:02:50.095main] DEBUG org.apache.poi.openxml4j.opc.PackageRelationshipCollection.parseRelationshipsPart(PackageRelationshipCollection.java:307)opper - Parsing relationship: /_rels/.rels
13:02:50.200main] DEBUG org.apache.poi.openxml4j.opc.PackageRelationshipCollection.parseRelationshipsPart(PackageRelationshipCollection.java:307)opper - Parsing relationship: /xl/_rels/workbook.xml.rels
13:02:50.204main] DEBUG org.apache.poi.openxml4j.opc.PackageRelationshipCollection.parseRelationshipsPart(PackageRelationshipCollection.java:307)opper - Parsing relationship: /xl/worksheets/_rels/sheet1.xml.rels
13:02:50.208main] DEBUG org.apache.poi.openxml4j.opc.PackageRelationshipCollection.parseRelationshipsPart(PackageRelationshipCollection.java:307)opper - Parsing relationship: /_rels/.rels
13:02:50.350main] DEBUG org.apache.poi.openxml4j.opc.PackageRelationshipCollection.parseRelationshipsPart(PackageRelationshipCollection.java:307)opper - Parsing relationship: /xl/_rels/workbook.xml.rels
13:02:50.355main] DEBUG org.apache.poi.openxml4j.opc.PackageRelationshipCollection.parseRelationshipsPart(PackageRelationshipCollection.java:307)opper - Parsing relationship: /xl/worksheets/_rels/sheet1.xml.rels
13:02:50.359main] DEBUG org.apache.poi.openxml4j.opc.PackageRelationshipCollection.parseRelationshipsPart(PackageRelationshipCollection.java:307)opper - Parsing relationship: /_rels/.rels
13:02:50.413main] DEBUG org.apache.poi.openxml4j.opc.PackageRelationshipCollection.parseRelationshipsPart(PackageRelationshipCollection.java:307)opper - Parsing relationship: /xl/_rels/workbook.xml.rels
13:02:50.418main] DEBUG org.apache.poi.openxml4j.opc.PackageRelationshipCollection.parseRelationshipsPart(PackageRelationshipCollection.java:307)opper - Parsing relationship: /xl/worksheets/_rels/sheet1.xml.rels
13:02:50.422main] DEBUG org.apache.poi.openxml4j.opc.PackageRelationshipCollection.parseRelationshipsPart(PackageRelationshipCollection.java:307)opper - Parsing relationship: /_rels/.rels
13:02:50.477main] DEBUG org.apache.poi.openxml4j.opc.PackageRelationshipCollection.parseRelationshipsPart(PackageRelationshipCollection.java:307)opper - Parsing relationship: /xl/_rels/workbook.xml.rels
13:02:50.480main] DEBUG org.apache.poi.openxml4j.opc.PackageRelationshipCollection.parseRelationshipsPart(PackageRelationshipCollection.java:307)opper - Parsing relationship: /xl/worksheets/_rels/sheet1.xml.rels
13:02:50.484main] DEBUG org.apache.poi.openxml4j.opc.PackageRelationshipCollection.parseRelationshipsPart(PackageRelationshipCollection.java:307)opper - Parsing relationship: /_rels/.rels
13:05:55.783main] DEBUG org.testng.log4testng.Logger.debug(Logger.java:82)opper - suiteXmlPath: "C:\Users\Ganga\eclipse-workspace\OpenCartV121\master.xml"
13:05:56.513main] INFO  org.testng.log4testng.Logger.info(Logger.java:112)opper - [TestNG] Running:
  C:\Users\Ganga\eclipse-workspace\OpenCartV121\master.xml

13:06:10.336main] DEBUG org.apache.poi.openxml4j.opc.PackageRelationshipCollection.parseRelationshipsPart(PackageRelationshipCollection.java:307)opper - Parsing relationship: /xl/_rels/workbook.xml.rels
13:06:10.351main] DEBUG org.apache.poi.openxml4j.opc.PackageRelationshipCollection.parseRelationshipsPart(PackageRelationshipCollection.java:307)opper - Parsing relationship: /xl/worksheets/_rels/sheet1.xml.rels
13:06:10.424main] DEBUG org.apache.poi.openxml4j.opc.PackageRelationshipCollection.parseRelationshipsPart(PackageRelationshipCollection.java:307)opper - Parsing relationship: /_rels/.rels
13:06:12.036main] DEBUG org.apache.poi.openxml4j.opc.PackageRelationshipCollection.parseRelationshipsPart(PackageRelationshipCollection.java:307)opper - Parsing relationship: /xl/_rels/workbook.xml.rels
13:06:12.042main] DEBUG org.apache.poi.openxml4j.opc.PackageRelationshipCollection.parseRelationshipsPart(PackageRelationshipCollection.java:307)opper - Parsing relationship: /xl/worksheets/_rels/sheet1.xml.rels
13:06:12.051main] DEBUG org.apache.poi.openxml4j.opc.PackageRelationshipCollection.parseRelationshipsPart(PackageRelationshipCollection.java:307)opper - Parsing relationship: /_rels/.rels
13:06:12.172main] DEBUG org.apache.poi.openxml4j.opc.PackageRelationshipCollection.parseRelationshipsPart(PackageRelationshipCollection.java:307)opper - Parsing relationship: /xl/_rels/workbook.xml.rels
13:06:12.177main] DEBUG org.apache.poi.openxml4j.opc.PackageRelationshipCollection.parseRelationshipsPart(PackageRelationshipCollection.java:307)opper - Parsing relationship: /xl/worksheets/_rels/sheet1.xml.rels
13:06:12.188main] DEBUG org.apache.poi.openxml4j.opc.PackageRelationshipCollection.parseRelationshipsPart(PackageRelationshipCollection.java:307)opper - Parsing relationship: /_rels/.rels
13:06:12.370main] DEBUG org.apache.poi.openxml4j.opc.PackageRelationshipCollection.parseRelationshipsPart(PackageRelationshipCollection.java:307)opper - Parsing relationship: /xl/_rels/workbook.xml.rels
13:06:12.376main] DEBUG org.apache.poi.openxml4j.opc.PackageRelationshipCollection.parseRelationshipsPart(PackageRelationshipCollection.java:307)opper - Parsing relationship: /xl/worksheets/_rels/sheet1.xml.rels
13:06:12.398main] DEBUG org.apache.poi.openxml4j.opc.PackageRelationshipCollection.parseRelationshipsPart(PackageRelationshipCollection.java:307)opper - Parsing relationship: /_rels/.rels
13:06:12.476main] DEBUG org.apache.poi.openxml4j.opc.PackageRelationshipCollection.parseRelationshipsPart(PackageRelationshipCollection.java:307)opper - Parsing relationship: /xl/_rels/workbook.xml.rels
13:06:12.480main] DEBUG org.apache.poi.openxml4j.opc.PackageRelationshipCollection.parseRelationshipsPart(PackageRelationshipCollection.java:307)opper - Parsing relationship: /xl/worksheets/_rels/sheet1.xml.rels
13:06:12.486main] DEBUG org.apache.poi.openxml4j.opc.PackageRelationshipCollection.parseRelationshipsPart(PackageRelationshipCollection.java:307)opper - Parsing relationship: /_rels/.rels
13:06:12.603main] DEBUG org.apache.poi.openxml4j.opc.PackageRelationshipCollection.parseRelationshipsPart(PackageRelationshipCollection.java:307)opper - Parsing relationship: /xl/_rels/workbook.xml.rels
13:06:12.614main] DEBUG org.apache.poi.openxml4j.opc.PackageRelationshipCollection.parseRelationshipsPart(PackageRelationshipCollection.java:307)opper - Parsing relationship: /xl/worksheets/_rels/sheet1.xml.rels
13:06:12.624main] DEBUG org.apache.poi.openxml4j.opc.PackageRelationshipCollection.parseRelationshipsPart(PackageRelationshipCollection.java:307)opper - Parsing relationship: /_rels/.rels
13:11:45.461main] DEBUG org.testng.log4testng.Logger.debug(Logger.java:82)opper - suiteXmlPath: "C:\Users\Ganga\eclipse-workspace\OpenCartV121\master.xml"
13:11:46.162main] INFO  org.testng.log4testng.Logger.info(Logger.java:112)opper - [TestNG] Running:
  C:\Users\Ganga\eclipse-workspace\OpenCartV121\master.xml

13:12:13.926main] DEBUG org.apache.poi.openxml4j.opc.PackageRelationshipCollection.parseRelationshipsPart(PackageRelationshipCollection.java:307)opper - Parsing relationship: /xl/_rels/workbook.xml.rels
13:12:13.943main] DEBUG org.apache.poi.openxml4j.opc.PackageRelationshipCollection.parseRelationshipsPart(PackageRelationshipCollection.java:307)opper - Parsing relationship: /xl/worksheets/_rels/sheet1.xml.rels
13:12:13.984main] DEBUG org.apache.poi.openxml4j.opc.PackageRelationshipCollection.parseRelationshipsPart(PackageRelationshipCollection.java:307)opper - Parsing relationship: /_rels/.rels
13:12:17.351main] DEBUG org.apache.poi.openxml4j.opc.PackageRelationshipCollection.parseRelationshipsPart(PackageRelationshipCollection.java:307)opper - Parsing relationship: /xl/_rels/workbook.xml.rels
13:12:17.356main] DEBUG org.apache.poi.openxml4j.opc.PackageRelationshipCollection.parseRelationshipsPart(PackageRelationshipCollection.java:307)opper - Parsing relationship: /xl/worksheets/_rels/sheet1.xml.rels
13:12:17.361main] DEBUG org.apache.poi.openxml4j.opc.PackageRelationshipCollection.parseRelationshipsPart(PackageRelationshipCollection.java:307)opper - Parsing relationship: /_rels/.rels
13:12:17.456main] DEBUG org.apache.poi.openxml4j.opc.PackageRelationshipCollection.parseRelationshipsPart(PackageRelationshipCollection.java:307)opper - Parsing relationship: /xl/_rels/workbook.xml.rels
13:12:17.460main] DEBUG org.apache.poi.openxml4j.opc.PackageRelationshipCollection.parseRelationshipsPart(PackageRelationshipCollection.java:307)opper - Parsing relationship: /xl/worksheets/_rels/sheet1.xml.rels
13:12:17.465main] DEBUG org.apache.poi.openxml4j.opc.PackageRelationshipCollection.parseRelationshipsPart(PackageRelationshipCollection.java:307)opper - Parsing relationship: /_rels/.rels
13:12:17.613main] DEBUG org.apache.poi.openxml4j.opc.PackageRelationshipCollection.parseRelationshipsPart(PackageRelationshipCollection.java:307)opper - Parsing relationship: /xl/_rels/workbook.xml.rels
13:12:17.618main] DEBUG org.apache.poi.openxml4j.opc.PackageRelationshipCollection.parseRelationshipsPart(PackageRelationshipCollection.java:307)opper - Parsing relationship: /xl/worksheets/_rels/sheet1.xml.rels
13:12:17.622main] DEBUG org.apache.poi.openxml4j.opc.PackageRelationshipCollection.parseRelationshipsPart(PackageRelationshipCollection.java:307)opper - Parsing relationship: /_rels/.rels
13:12:17.679main] DEBUG org.apache.poi.openxml4j.opc.PackageRelationshipCollection.parseRelationshipsPart(PackageRelationshipCollection.java:307)opper - Parsing relationship: /xl/_rels/workbook.xml.rels
13:12:17.685main] DEBUG org.apache.poi.openxml4j.opc.PackageRelationshipCollection.parseRelationshipsPart(PackageRelationshipCollection.java:307)opper - Parsing relationship: /xl/worksheets/_rels/sheet1.xml.rels
13:12:17.691main] DEBUG org.apache.poi.openxml4j.opc.PackageRelationshipCollection.parseRelationshipsPart(PackageRelationshipCollection.java:307)opper - Parsing relationship: /_rels/.rels
13:12:17.783main] DEBUG org.apache.poi.openxml4j.opc.PackageRelationshipCollection.parseRelationshipsPart(PackageRelationshipCollection.java:307)opper - Parsing relationship: /xl/_rels/workbook.xml.rels
13:12:17.787main] DEBUG org.apache.poi.openxml4j.opc.PackageRelationshipCollection.parseRelationshipsPart(PackageRelationshipCollection.java:307)opper - Parsing relationship: /xl/worksheets/_rels/sheet1.xml.rels
13:12:17.794main] DEBUG org.apache.poi.openxml4j.opc.PackageRelationshipCollection.parseRelationshipsPart(PackageRelationshipCollection.java:307)opper - Parsing relationship: /_rels/.rels
13:12:51.830main] DEBUG org.testng.log4testng.Logger.debug(Logger.java:82)opper - suiteXmlPath: "C:\Users\Ganga\eclipse-workspace\OpenCartV121\master.xml"
13:12:52.585main] INFO  org.testng.log4testng.Logger.info(Logger.java:112)opper - [TestNG] Running:
  C:\Users\Ganga\eclipse-workspace\OpenCartV121\master.xml

13:13:04.595main] INFO  testCases.TC002_LoginTest.verify_Login(TC002_LoginTest.java:15)opper - ***** Starting TC_002_LoginTest *****
13:13:14.041main] INFO  testCases.TC002_LoginTest.verify_Login(TC002_LoginTest.java:40)opper - ***** Finished TC_002_LoginTest *****
13:22:35.240main] DEBUG org.testng.log4testng.Logger.debug(Logger.java:82)opper - suiteXmlPath: "C:\Users\Ganga\eclipse-workspace\OpenCartV121\master.xml"
13:22:35.963main] INFO  org.testng.log4testng.Logger.info(Logger.java:112)opper - [TestNG] Running:
  C:\Users\Ganga\eclipse-workspace\OpenCartV121\master.xml

13:23:17.262main] DEBUG org.apache.poi.openxml4j.opc.PackageRelationshipCollection.parseRelationshipsPart(PackageRelationshipCollection.java:307)opper - Parsing relationship: /xl/_rels/workbook.xml.rels
13:23:17.273main] DEBUG org.apache.poi.openxml4j.opc.PackageRelationshipCollection.parseRelationshipsPart(PackageRelationshipCollection.java:307)opper - Parsing relationship: /xl/worksheets/_rels/sheet1.xml.rels
13:23:17.280main] DEBUG org.apache.poi.openxml4j.opc.PackageRelationshipCollection.parseRelationshipsPart(PackageRelationshipCollection.java:307)opper - Parsing relationship: /_rels/.rels
13:23:25.332main] DEBUG org.apache.poi.openxml4j.opc.PackageRelationshipCollection.parseRelationshipsPart(PackageRelationshipCollection.java:307)opper - Parsing relationship: /xl/_rels/workbook.xml.rels
13:23:25.338main] DEBUG org.apache.poi.openxml4j.opc.PackageRelationshipCollection.parseRelationshipsPart(PackageRelationshipCollection.java:307)opper - Parsing relationship: /xl/worksheets/_rels/sheet1.xml.rels
13:23:25.346main] DEBUG org.apache.poi.openxml4j.opc.PackageRelationshipCollection.parseRelationshipsPart(PackageRelationshipCollection.java:307)opper - Parsing relationship: /_rels/.rels
13:23:25.414main] DEBUG org.apache.poi.openxml4j.opc.PackageRelationshipCollection.parseRelationshipsPart(PackageRelationshipCollection.java:307)opper - Parsing relationship: /xl/_rels/workbook.xml.rels
13:23:25.425main] DEBUG org.apache.poi.openxml4j.opc.PackageRelationshipCollection.parseRelationshipsPart(PackageRelationshipCollection.java:307)opper - Parsing relationship: /xl/worksheets/_rels/sheet1.xml.rels
13:23:25.429main] DEBUG org.apache.poi.openxml4j.opc.PackageRelationshipCollection.parseRelationshipsPart(PackageRelationshipCollection.java:307)opper - Parsing relationship: /_rels/.rels
13:23:25.594main] DEBUG org.apache.poi.openxml4j.opc.PackageRelationshipCollection.parseRelationshipsPart(PackageRelationshipCollection.java:307)opper - Parsing relationship: /xl/_rels/workbook.xml.rels
13:23:25.599main] DEBUG org.apache.poi.openxml4j.opc.PackageRelationshipCollection.parseRelationshipsPart(PackageRelationshipCollection.java:307)opper - Parsing relationship: /xl/worksheets/_rels/sheet1.xml.rels
13:23:25.603main] DEBUG org.apache.poi.openxml4j.opc.PackageRelationshipCollection.parseRelationshipsPart(PackageRelationshipCollection.java:307)opper - Parsing relationship: /_rels/.rels
13:23:25.663main] DEBUG org.apache.poi.openxml4j.opc.PackageRelationshipCollection.parseRelationshipsPart(PackageRelationshipCollection.java:307)opper - Parsing relationship: /xl/_rels/workbook.xml.rels
13:23:25.666main] DEBUG org.apache.poi.openxml4j.opc.PackageRelationshipCollection.parseRelationshipsPart(PackageRelationshipCollection.java:307)opper - Parsing relationship: /xl/worksheets/_rels/sheet1.xml.rels
13:23:25.668main] DEBUG org.apache.poi.openxml4j.opc.PackageRelationshipCollection.parseRelationshipsPart(PackageRelationshipCollection.java:307)opper - Parsing relationship: /_rels/.rels
13:23:25.729main] DEBUG org.apache.poi.openxml4j.opc.PackageRelationshipCollection.parseRelationshipsPart(PackageRelationshipCollection.java:307)opper - Parsing relationship: /xl/_rels/workbook.xml.rels
13:23:25.738main] DEBUG org.apache.poi.openxml4j.opc.PackageRelationshipCollection.parseRelationshipsPart(PackageRelationshipCollection.java:307)opper - Parsing relationship: /xl/worksheets/_rels/sheet1.xml.rels
13:23:25.741main] DEBUG org.apache.poi.openxml4j.opc.PackageRelationshipCollection.parseRelationshipsPart(PackageRelationshipCollection.java:307)opper - Parsing relationship: /_rels/.rels
13:26:03.356main] DEBUG org.testng.log4testng.Logger.debug(Logger.java:82)opper - suiteXmlPath: "C:\Users\Ganga\eclipse-workspace\OpenCartV121\master.xml"
13:26:03.917main] INFO  org.testng.log4testng.Logger.info(Logger.java:112)opper - [TestNG] Running:
  C:\Users\Ganga\eclipse-workspace\OpenCartV121\master.xml

13:26:20.894main] DEBUG org.apache.poi.openxml4j.opc.PackageRelationshipCollection.parseRelationshipsPart(PackageRelationshipCollection.java:307)opper - Parsing relationship: /xl/_rels/workbook.xml.rels
13:26:20.907main] DEBUG org.apache.poi.openxml4j.opc.PackageRelationshipCollection.parseRelationshipsPart(PackageRelationshipCollection.java:307)opper - Parsing relationship: /xl/worksheets/_rels/sheet1.xml.rels
13:26:20.914main] DEBUG org.apache.poi.openxml4j.opc.PackageRelationshipCollection.parseRelationshipsPart(PackageRelationshipCollection.java:307)opper - Parsing relationship: /_rels/.rels
13:26:22.373main] DEBUG org.apache.poi.openxml4j.opc.PackageRelationshipCollection.parseRelationshipsPart(PackageRelationshipCollection.java:307)opper - Parsing relationship: /xl/_rels/workbook.xml.rels
13:26:22.378main] DEBUG org.apache.poi.openxml4j.opc.PackageRelationshipCollection.parseRelationshipsPart(PackageRelationshipCollection.java:307)opper - Parsing relationship: /xl/worksheets/_rels/sheet1.xml.rels
13:26:22.385main] DEBUG org.apache.poi.openxml4j.opc.PackageRelationshipCollection.parseRelationshipsPart(PackageRelationshipCollection.java:307)opper - Parsing relationship: /_rels/.rels
13:26:22.480main] DEBUG org.apache.poi.openxml4j.opc.PackageRelationshipCollection.parseRelationshipsPart(PackageRelationshipCollection.java:307)opper - Parsing relationship: /xl/_rels/workbook.xml.rels
13:26:22.487main] DEBUG org.apache.poi.openxml4j.opc.PackageRelationshipCollection.parseRelationshipsPart(PackageRelationshipCollection.java:307)opper - Parsing relationship: /xl/worksheets/_rels/sheet1.xml.rels
13:26:22.503main] DEBUG org.apache.poi.openxml4j.opc.PackageRelationshipCollection.parseRelationshipsPart(PackageRelationshipCollection.java:307)opper - Parsing relationship: /_rels/.rels
13:26:22.631main] DEBUG org.apache.poi.openxml4j.opc.PackageRelationshipCollection.parseRelationshipsPart(PackageRelationshipCollection.java:307)opper - Parsing relationship: /xl/_rels/workbook.xml.rels
13:26:22.676main] DEBUG org.apache.poi.openxml4j.opc.PackageRelationshipCollection.parseRelationshipsPart(PackageRelationshipCollection.java:307)opper - Parsing relationship: /xl/worksheets/_rels/sheet1.xml.rels
13:26:22.710main] DEBUG org.apache.poi.openxml4j.opc.PackageRelationshipCollection.parseRelationshipsPart(PackageRelationshipCollection.java:307)opper - Parsing relationship: /_rels/.rels
13:26:22.834main] DEBUG org.apache.poi.openxml4j.opc.PackageRelationshipCollection.parseRelationshipsPart(PackageRelationshipCollection.java:307)opper - Parsing relationship: /xl/_rels/workbook.xml.rels
13:26:22.841main] DEBUG org.apache.poi.openxml4j.opc.PackageRelationshipCollection.parseRelationshipsPart(PackageRelationshipCollection.java:307)opper - Parsing relationship: /xl/worksheets/_rels/sheet1.xml.rels
13:26:22.845main] DEBUG org.apache.poi.openxml4j.opc.PackageRelationshipCollection.parseRelationshipsPart(PackageRelationshipCollection.java:307)opper - Parsing relationship: /_rels/.rels
13:26:22.946main] DEBUG org.apache.poi.openxml4j.opc.PackageRelationshipCollection.parseRelationshipsPart(PackageRelationshipCollection.java:307)opper - Parsing relationship: /xl/_rels/workbook.xml.rels
13:26:22.950main] DEBUG org.apache.poi.openxml4j.opc.PackageRelationshipCollection.parseRelationshipsPart(PackageRelationshipCollection.java:307)opper - Parsing relationship: /xl/worksheets/_rels/sheet1.xml.rels
13:26:22.959main] DEBUG org.apache.poi.openxml4j.opc.PackageRelationshipCollection.parseRelationshipsPart(PackageRelationshipCollection.java:307)opper - Parsing relationship: /_rels/.rels
13:26:41.255main] DEBUG org.testng.log4testng.Logger.debug(Logger.java:82)opper - suiteXmlPath: "C:\Users\Ganga\eclipse-workspace\OpenCartV121\master.xml"
13:26:42.117main] INFO  org.testng.log4testng.Logger.info(Logger.java:112)opper - [TestNG] Running:
  C:\Users\Ganga\eclipse-workspace\OpenCartV121\master.xml

13:27:11.756main] DEBUG org.apache.poi.openxml4j.opc.PackageRelationshipCollection.parseRelationshipsPart(PackageRelationshipCollection.java:307)opper - Parsing relationship: /xl/_rels/workbook.xml.rels
13:27:11.765main] DEBUG org.apache.poi.openxml4j.opc.PackageRelationshipCollection.parseRelationshipsPart(PackageRelationshipCollection.java:307)opper - Parsing relationship: /xl/worksheets/_rels/sheet1.xml.rels
13:27:11.773main] DEBUG org.apache.poi.openxml4j.opc.PackageRelationshipCollection.parseRelationshipsPart(PackageRelationshipCollection.java:307)opper - Parsing relationship: /_rels/.rels
13:27:15.954main] DEBUG org.apache.poi.openxml4j.opc.PackageRelationshipCollection.parseRelationshipsPart(PackageRelationshipCollection.java:307)opper - Parsing relationship: /xl/_rels/workbook.xml.rels
13:27:15.957main] DEBUG org.apache.poi.openxml4j.opc.PackageRelationshipCollection.parseRelationshipsPart(PackageRelationshipCollection.java:307)opper - Parsing relationship: /xl/worksheets/_rels/sheet1.xml.rels
13:27:15.962main] DEBUG org.apache.poi.openxml4j.opc.PackageRelationshipCollection.parseRelationshipsPart(PackageRelationshipCollection.java:307)opper - Parsing relationship: /_rels/.rels
13:27:16.077main] DEBUG org.apache.poi.openxml4j.opc.PackageRelationshipCollection.parseRelationshipsPart(PackageRelationshipCollection.java:307)opper - Parsing relationship: /xl/_rels/workbook.xml.rels
13:27:16.081main] DEBUG org.apache.poi.openxml4j.opc.PackageRelationshipCollection.parseRelationshipsPart(PackageRelationshipCollection.java:307)opper - Parsing relationship: /xl/worksheets/_rels/sheet1.xml.rels
13:27:16.087main] DEBUG org.apache.poi.openxml4j.opc.PackageRelationshipCollection.parseRelationshipsPart(PackageRelationshipCollection.java:307)opper - Parsing relationship: /_rels/.rels
13:27:16.215main] DEBUG org.apache.poi.openxml4j.opc.PackageRelationshipCollection.parseRelationshipsPart(PackageRelationshipCollection.java:307)opper - Parsing relationship: /xl/_rels/workbook.xml.rels
13:27:16.225main] DEBUG org.apache.poi.openxml4j.opc.PackageRelationshipCollection.parseRelationshipsPart(PackageRelationshipCollection.java:307)opper - Parsing relationship: /xl/worksheets/_rels/sheet1.xml.rels
13:27:16.232main] DEBUG org.apache.poi.openxml4j.opc.PackageRelationshipCollection.parseRelationshipsPart(PackageRelationshipCollection.java:307)opper - Parsing relationship: /_rels/.rels
13:27:16.308main] DEBUG org.apache.poi.openxml4j.opc.PackageRelationshipCollection.parseRelationshipsPart(PackageRelationshipCollection.java:307)opper - Parsing relationship: /xl/_rels/workbook.xml.rels
13:27:16.312main] DEBUG org.apache.poi.openxml4j.opc.PackageRelationshipCollection.parseRelationshipsPart(PackageRelationshipCollection.java:307)opper - Parsing relationship: /xl/worksheets/_rels/sheet1.xml.rels
13:27:16.318main] DEBUG org.apache.poi.openxml4j.opc.PackageRelationshipCollection.parseRelationshipsPart(PackageRelationshipCollection.java:307)opper - Parsing relationship: /_rels/.rels
13:27:16.400main] DEBUG org.apache.poi.openxml4j.opc.PackageRelationshipCollection.parseRelationshipsPart(PackageRelationshipCollection.java:307)opper - Parsing relationship: /xl/_rels/workbook.xml.rels
13:27:16.413main] DEBUG org.apache.poi.openxml4j.opc.PackageRelationshipCollection.parseRelationshipsPart(PackageRelationshipCollection.java:307)opper - Parsing relationship: /xl/worksheets/_rels/sheet1.xml.rels
13:27:16.419main] DEBUG org.apache.poi.openxml4j.opc.PackageRelationshipCollection.parseRelationshipsPart(PackageRelationshipCollection.java:307)opper - Parsing relationship: /_rels/.rels
13:29:39.401main] DEBUG org.testng.log4testng.Logger.debug(Logger.java:82)opper - suiteXmlPath: "C:\Users\Ganga\eclipse-workspace\OpenCartV121\master.xml"
13:29:40.122main] INFO  org.testng.log4testng.Logger.info(Logger.java:112)opper - [TestNG] Running:
  C:\Users\Ganga\eclipse-workspace\OpenCartV121\master.xml

13:29:59.210main] DEBUG org.apache.poi.openxml4j.opc.PackageRelationshipCollection.parseRelationshipsPart(PackageRelationshipCollection.java:307)opper - Parsing relationship: /xl/_rels/workbook.xml.rels
13:29:59.249main] DEBUG org.apache.poi.openxml4j.opc.PackageRelationshipCollection.parseRelationshipsPart(PackageRelationshipCollection.java:307)opper - Parsing relationship: /xl/worksheets/_rels/sheet1.xml.rels
13:29:59.308main] DEBUG org.apache.poi.openxml4j.opc.PackageRelationshipCollection.parseRelationshipsPart(PackageRelationshipCollection.java:307)opper - Parsing relationship: /_rels/.rels
13:30:03.981main] DEBUG org.apache.poi.openxml4j.opc.PackageRelationshipCollection.parseRelationshipsPart(PackageRelationshipCollection.java:307)opper - Parsing relationship: /xl/_rels/workbook.xml.rels
13:30:03.985main] DEBUG org.apache.poi.openxml4j.opc.PackageRelationshipCollection.parseRelationshipsPart(PackageRelationshipCollection.java:307)opper - Parsing relationship: /xl/worksheets/_rels/sheet1.xml.rels
13:30:03.992main] DEBUG org.apache.poi.openxml4j.opc.PackageRelationshipCollection.parseRelationshipsPart(PackageRelationshipCollection.java:307)opper - Parsing relationship: /_rels/.rels
13:30:04.146main] DEBUG org.apache.poi.openxml4j.opc.PackageRelationshipCollection.parseRelationshipsPart(PackageRelationshipCollection.java:307)opper - Parsing relationship: /xl/_rels/workbook.xml.rels
13:30:04.150main] DEBUG org.apache.poi.openxml4j.opc.PackageRelationshipCollection.parseRelationshipsPart(PackageRelationshipCollection.java:307)opper - Parsing relationship: /xl/worksheets/_rels/sheet1.xml.rels
13:30:04.155main] DEBUG org.apache.poi.openxml4j.opc.PackageRelationshipCollection.parseRelationshipsPart(PackageRelationshipCollection.java:307)opper - Parsing relationship: /_rels/.rels
13:30:04.418main] DEBUG org.apache.poi.openxml4j.opc.PackageRelationshipCollection.parseRelationshipsPart(PackageRelationshipCollection.java:307)opper - Parsing relationship: /xl/_rels/workbook.xml.rels
13:30:04.444main] DEBUG org.apache.poi.openxml4j.opc.PackageRelationshipCollection.parseRelationshipsPart(PackageRelationshipCollection.java:307)opper - Parsing relationship: /xl/worksheets/_rels/sheet1.xml.rels
13:30:04.453main] DEBUG org.apache.poi.openxml4j.opc.PackageRelationshipCollection.parseRelationshipsPart(PackageRelationshipCollection.java:307)opper - Parsing relationship: /_rels/.rels
13:30:04.526main] DEBUG org.apache.poi.openxml4j.opc.PackageRelationshipCollection.parseRelationshipsPart(PackageRelationshipCollection.java:307)opper - Parsing relationship: /xl/_rels/workbook.xml.rels
13:30:04.531main] DEBUG org.apache.poi.openxml4j.opc.PackageRelationshipCollection.parseRelationshipsPart(PackageRelationshipCollection.java:307)opper - Parsing relationship: /xl/worksheets/_rels/sheet1.xml.rels
13:30:04.534main] DEBUG org.apache.poi.openxml4j.opc.PackageRelationshipCollection.parseRelationshipsPart(PackageRelationshipCollection.java:307)opper - Parsing relationship: /_rels/.rels
13:30:04.613main] DEBUG org.apache.poi.openxml4j.opc.PackageRelationshipCollection.parseRelationshipsPart(PackageRelationshipCollection.java:307)opper - Parsing relationship: /xl/_rels/workbook.xml.rels
13:30:04.620main] DEBUG org.apache.poi.openxml4j.opc.PackageRelationshipCollection.parseRelationshipsPart(PackageRelationshipCollection.java:307)opper - Parsing relationship: /xl/worksheets/_rels/sheet1.xml.rels
13:30:04.627main] DEBUG org.apache.poi.openxml4j.opc.PackageRelationshipCollection.parseRelationshipsPart(PackageRelationshipCollection.java:307)opper - Parsing relationship: /_rels/.rels
13:30:04.697main] DEBUG org.apache.poi.openxml4j.opc.PackageRelationshipCollection.parseRelationshipsPart(PackageRelationshipCollection.java:307)opper - Parsing relationship: /xl/_rels/workbook.xml.rels
13:30:04.700main] DEBUG org.apache.poi.openxml4j.opc.PackageRelationshipCollection.parseRelationshipsPart(PackageRelationshipCollection.java:307)opper - Parsing relationship: /xl/worksheets/_rels/sheet1.xml.rels
13:30:04.703main] DEBUG org.apache.poi.openxml4j.opc.PackageRelationshipCollection.parseRelationshipsPart(PackageRelationshipCollection.java:307)opper - Parsing relationship: /_rels/.rels
13:30:04.766main] DEBUG org.apache.poi.openxml4j.opc.PackageRelationshipCollection.parseRelationshipsPart(PackageRelationshipCollection.java:307)opper - Parsing relationship: /xl/_rels/workbook.xml.rels
13:30:04.773main] DEBUG org.apache.poi.openxml4j.opc.PackageRelationshipCollection.parseRelationshipsPart(PackageRelationshipCollection.java:307)opper - Parsing relationship: /xl/worksheets/_rels/sheet1.xml.rels
13:30:04.778main] DEBUG org.apache.poi.openxml4j.opc.PackageRelationshipCollection.parseRelationshipsPart(PackageRelationshipCollection.java:307)opper - Parsing relationship: /_rels/.rels
13:30:04.851main] DEBUG org.apache.poi.openxml4j.opc.PackageRelationshipCollection.parseRelationshipsPart(PackageRelationshipCollection.java:307)opper - Parsing relationship: /xl/_rels/workbook.xml.rels
13:30:04.857main] DEBUG org.apache.poi.openxml4j.opc.PackageRelationshipCollection.parseRelationshipsPart(PackageRelationshipCollection.java:307)opper - Parsing relationship: /xl/worksheets/_rels/sheet1.xml.rels
13:30:04.865main] DEBUG org.apache.poi.openxml4j.opc.PackageRelationshipCollection.parseRelationshipsPart(PackageRelationshipCollection.java:307)opper - Parsing relationship: /_rels/.rels
13:30:04.962main] DEBUG org.apache.poi.openxml4j.opc.PackageRelationshipCollection.parseRelationshipsPart(PackageRelationshipCollection.java:307)opper - Parsing relationship: /xl/_rels/workbook.xml.rels
13:30:04.964main] DEBUG org.apache.poi.openxml4j.opc.PackageRelationshipCollection.parseRelationshipsPart(PackageRelationshipCollection.java:307)opper - Parsing relationship: /xl/worksheets/_rels/sheet1.xml.rels
13:30:04.967main] DEBUG org.apache.poi.openxml4j.opc.PackageRelationshipCollection.parseRelationshipsPart(PackageRelationshipCollection.java:307)opper - Parsing relationship: /_rels/.rels
13:30:05.012main] DEBUG org.apache.poi.openxml4j.opc.PackageRelationshipCollection.parseRelationshipsPart(PackageRelationshipCollection.java:307)opper - Parsing relationship: /xl/_rels/workbook.xml.rels
13:30:05.015main] DEBUG org.apache.poi.openxml4j.opc.PackageRelationshipCollection.parseRelationshipsPart(PackageRelationshipCollection.java:307)opper - Parsing relationship: /xl/worksheets/_rels/sheet1.xml.rels
13:30:05.017main] DEBUG org.apache.poi.openxml4j.opc.PackageRelationshipCollection.parseRelationshipsPart(PackageRelationshipCollection.java:307)opper - Parsing relationship: /_rels/.rels
13:30:05.065main] DEBUG org.apache.poi.openxml4j.opc.PackageRelationshipCollection.parseRelationshipsPart(PackageRelationshipCollection.java:307)opper - Parsing relationship: /xl/_rels/workbook.xml.rels
13:30:05.068main] DEBUG org.apache.poi.openxml4j.opc.PackageRelationshipCollection.parseRelationshipsPart(PackageRelationshipCollection.java:307)opper - Parsing relationship: /xl/worksheets/_rels/sheet1.xml.rels
13:30:05.071main] DEBUG org.apache.poi.openxml4j.opc.PackageRelationshipCollection.parseRelationshipsPart(PackageRelationshipCollection.java:307)opper - Parsing relationship: /_rels/.rels
13:30:05.111main] DEBUG org.apache.poi.openxml4j.opc.PackageRelationshipCollection.parseRelationshipsPart(PackageRelationshipCollection.java:307)opper - Parsing relationship: /xl/_rels/workbook.xml.rels
13:30:05.114main] DEBUG org.apache.poi.openxml4j.opc.PackageRelationshipCollection.parseRelationshipsPart(PackageRelationshipCollection.java:307)opper - Parsing relationship: /xl/worksheets/_rels/sheet1.xml.rels
13:30:05.117main] DEBUG org.apache.poi.openxml4j.opc.PackageRelationshipCollection.parseRelationshipsPart(PackageRelationshipCollection.java:307)opper - Parsing relationship: /_rels/.rels
13:30:05.161main] DEBUG org.apache.poi.openxml4j.opc.PackageRelationshipCollection.parseRelationshipsPart(PackageRelationshipCollection.java:307)opper - Parsing relationship: /xl/_rels/workbook.xml.rels
13:30:05.163main] DEBUG org.apache.poi.openxml4j.opc.PackageRelationshipCollection.parseRelationshipsPart(PackageRelationshipCollection.java:307)opper - Parsing relationship: /xl/worksheets/_rels/sheet1.xml.rels
13:30:05.165main] DEBUG org.apache.poi.openxml4j.opc.PackageRelationshipCollection.parseRelationshipsPart(PackageRelationshipCollection.java:307)opper - Parsing relationship: /_rels/.rels
13:30:05.246main] DEBUG org.apache.poi.openxml4j.opc.PackageRelationshipCollection.parseRelationshipsPart(PackageRelationshipCollection.java:307)opper - Parsing relationship: /xl/_rels/workbook.xml.rels
13:30:05.249main] DEBUG org.apache.poi.openxml4j.opc.PackageRelationshipCollection.parseRelationshipsPart(PackageRelationshipCollection.java:307)opper - Parsing relationship: /xl/worksheets/_rels/sheet1.xml.rels
13:30:05.251main] DEBUG org.apache.poi.openxml4j.opc.PackageRelationshipCollection.parseRelationshipsPart(PackageRelationshipCollection.java:307)opper - Parsing relationship: /_rels/.rels
13:30:05.336main] DEBUG org.apache.poi.openxml4j.opc.PackageRelationshipCollection.parseRelationshipsPart(PackageRelationshipCollection.java:307)opper - Parsing relationship: /xl/_rels/workbook.xml.rels
13:30:05.366main] DEBUG org.apache.poi.openxml4j.opc.PackageRelationshipCollection.parseRelationshipsPart(PackageRelationshipCollection.java:307)opper - Parsing relationship: /xl/worksheets/_rels/sheet1.xml.rels
13:30:05.370main] DEBUG org.apache.poi.openxml4j.opc.PackageRelationshipCollection.parseRelationshipsPart(PackageRelationshipCollection.java:307)opper - Parsing relationship: /_rels/.rels
13:30:05.469main] DEBUG org.apache.poi.openxml4j.opc.PackageRelationshipCollection.parseRelationshipsPart(PackageRelationshipCollection.java:307)opper - Parsing relationship: /xl/_rels/workbook.xml.rels
13:30:05.472main] DEBUG org.apache.poi.openxml4j.opc.PackageRelationshipCollection.parseRelationshipsPart(PackageRelationshipCollection.java:307)opper - Parsing relationship: /xl/worksheets/_rels/sheet1.xml.rels
13:30:05.475main] DEBUG org.apache.poi.openxml4j.opc.PackageRelationshipCollection.parseRelationshipsPart(PackageRelationshipCollection.java:307)opper - Parsing relationship: /_rels/.rels
13:30:05.694main] INFO  testCases.TC003_LoginDDT.verify_loginDDT(TC003_LoginDDT.java:18)opper - **** Starting TC_003_LoginDDT ****
13:30:23.153main] INFO  testCases.TC003_LoginDDT.verify_loginDDT(TC003_LoginDDT.java:18)opper - **** Starting TC_003_LoginDDT ****
13:30:35.178main] INFO  testCases.TC003_LoginDDT.verify_loginDDT(TC003_LoginDDT.java:65)opper - **** Finished TC_003_LoginDDT ****
13:30:35.196main] INFO  testCases.TC003_LoginDDT.verify_loginDDT(TC003_LoginDDT.java:18)opper - **** Starting TC_003_LoginDDT ****
13:30:46.662main] INFO  testCases.TC003_LoginDDT.verify_loginDDT(TC003_LoginDDT.java:65)opper - **** Finished TC_003_LoginDDT ****
13:30:46.683main] INFO  testCases.TC003_LoginDDT.verify_loginDDT(TC003_LoginDDT.java:18)opper - **** Starting TC_003_LoginDDT ****
13:30:58.880main] INFO  testCases.TC003_LoginDDT.verify_loginDDT(TC003_LoginDDT.java:65)opper - **** Finished TC_003_LoginDDT ****
13:30:58.888main] INFO  testCases.TC003_LoginDDT.verify_loginDDT(TC003_LoginDDT.java:18)opper - **** Starting TC_003_LoginDDT ****
13:31:10.494main] INFO  testCases.TC003_LoginDDT.verify_loginDDT(TC003_LoginDDT.java:65)opper - **** Finished TC_003_LoginDDT ****
15:35:22.130main] DEBUG org.testng.log4testng.Logger.debug(Logger.java:82)opper - suiteXmlPath: "C:\Users\Ganga\eclipse-workspace\OpenCartV121\master.xml"
15:35:23.636main] INFO  org.testng.log4testng.Logger.info(Logger.java:112)opper - [TestNG] Running:
  C:\Users\Ganga\eclipse-workspace\OpenCartV121\master.xml

15:36:13.398main] DEBUG org.apache.poi.openxml4j.opc.PackageRelationshipCollection.parseRelationshipsPart(PackageRelationshipCollection.java:307)opper - Parsing relationship: /xl/_rels/workbook.xml.rels
15:36:13.404main] DEBUG org.apache.poi.openxml4j.opc.PackageRelationshipCollection.parseRelationshipsPart(PackageRelationshipCollection.java:307)opper - Parsing relationship: /xl/worksheets/_rels/sheet1.xml.rels
15:36:13.410main] DEBUG org.apache.poi.openxml4j.opc.PackageRelationshipCollection.parseRelationshipsPart(PackageRelationshipCollection.java:307)opper - Parsing relationship: /_rels/.rels
15:36:27.020main] DEBUG org.apache.poi.openxml4j.opc.PackageRelationshipCollection.parseRelationshipsPart(PackageRelationshipCollection.java:307)opper - Parsing relationship: /xl/_rels/workbook.xml.rels
15:36:27.024main] DEBUG org.apache.poi.openxml4j.opc.PackageRelationshipCollection.parseRelationshipsPart(PackageRelationshipCollection.java:307)opper - Parsing relationship: /xl/worksheets/_rels/sheet1.xml.rels
15:36:27.028main] DEBUG org.apache.poi.openxml4j.opc.PackageRelationshipCollection.parseRelationshipsPart(PackageRelationshipCollection.java:307)opper - Parsing relationship: /_rels/.rels
15:36:27.103main] DEBUG org.apache.poi.openxml4j.opc.PackageRelationshipCollection.parseRelationshipsPart(PackageRelationshipCollection.java:307)opper - Parsing relationship: /xl/_rels/workbook.xml.rels
15:36:27.107main] DEBUG org.apache.poi.openxml4j.opc.PackageRelationshipCollection.parseRelationshipsPart(PackageRelationshipCollection.java:307)opper - Parsing relationship: /xl/worksheets/_rels/sheet1.xml.rels
15:36:27.111main] DEBUG org.apache.poi.openxml4j.opc.PackageRelationshipCollection.parseRelationshipsPart(PackageRelationshipCollection.java:307)opper - Parsing relationship: /_rels/.rels
15:36:27.288main] DEBUG org.apache.poi.openxml4j.opc.PackageRelationshipCollection.parseRelationshipsPart(PackageRelationshipCollection.java:307)opper - Parsing relationship: /xl/_rels/workbook.xml.rels
15:36:27.292main] DEBUG org.apache.poi.openxml4j.opc.PackageRelationshipCollection.parseRelationshipsPart(PackageRelationshipCollection.java:307)opper - Parsing relationship: /xl/worksheets/_rels/sheet1.xml.rels
15:36:27.296main] DEBUG org.apache.poi.openxml4j.opc.PackageRelationshipCollection.parseRelationshipsPart(PackageRelationshipCollection.java:307)opper - Parsing relationship: /_rels/.rels
15:36:27.357main] DEBUG org.apache.poi.openxml4j.opc.PackageRelationshipCollection.parseRelationshipsPart(PackageRelationshipCollection.java:307)opper - Parsing relationship: /xl/_rels/workbook.xml.rels
15:36:27.361main] DEBUG org.apache.poi.openxml4j.opc.PackageRelationshipCollection.parseRelationshipsPart(PackageRelationshipCollection.java:307)opper - Parsing relationship: /xl/worksheets/_rels/sheet1.xml.rels
15:36:27.365main] DEBUG org.apache.poi.openxml4j.opc.PackageRelationshipCollection.parseRelationshipsPart(PackageRelationshipCollection.java:307)opper - Parsing relationship: /_rels/.rels
15:36:27.438main] DEBUG org.apache.poi.openxml4j.opc.PackageRelationshipCollection.parseRelationshipsPart(PackageRelationshipCollection.java:307)opper - Parsing relationship: /xl/_rels/workbook.xml.rels
15:36:27.441main] DEBUG org.apache.poi.openxml4j.opc.PackageRelationshipCollection.parseRelationshipsPart(PackageRelationshipCollection.java:307)opper - Parsing relationship: /xl/worksheets/_rels/sheet1.xml.rels
15:36:27.450main] DEBUG org.apache.poi.openxml4j.opc.PackageRelationshipCollection.parseRelationshipsPart(PackageRelationshipCollection.java:307)opper - Parsing relationship: /_rels/.rels
15:36:27.533main] DEBUG org.apache.poi.openxml4j.opc.PackageRelationshipCollection.parseRelationshipsPart(PackageRelationshipCollection.java:307)opper - Parsing relationship: /xl/_rels/workbook.xml.rels
15:36:27.536main] DEBUG org.apache.poi.openxml4j.opc.PackageRelationshipCollection.parseRelationshipsPart(PackageRelationshipCollection.java:307)opper - Parsing relationship: /xl/worksheets/_rels/sheet1.xml.rels
15:36:27.538main] DEBUG org.apache.poi.openxml4j.opc.PackageRelationshipCollection.parseRelationshipsPart(PackageRelationshipCollection.java:307)opper - Parsing relationship: /_rels/.rels
15:36:27.584main] DEBUG org.apache.poi.openxml4j.opc.PackageRelationshipCollection.parseRelationshipsPart(PackageRelationshipCollection.java:307)opper - Parsing relationship: /xl/_rels/workbook.xml.rels
15:36:27.587main] DEBUG org.apache.poi.openxml4j.opc.PackageRelationshipCollection.parseRelationshipsPart(PackageRelationshipCollection.java:307)opper - Parsing relationship: /xl/worksheets/_rels/sheet1.xml.rels
15:36:27.591main] DEBUG org.apache.poi.openxml4j.opc.PackageRelationshipCollection.parseRelationshipsPart(PackageRelationshipCollection.java:307)opper - Parsing relationship: /_rels/.rels
15:36:27.656main] DEBUG org.apache.poi.openxml4j.opc.PackageRelationshipCollection.parseRelationshipsPart(PackageRelationshipCollection.java:307)opper - Parsing relationship: /xl/_rels/workbook.xml.rels
15:36:27.669main] DEBUG org.apache.poi.openxml4j.opc.PackageRelationshipCollection.parseRelationshipsPart(PackageRelationshipCollection.java:307)opper - Parsing relationship: /xl/worksheets/_rels/sheet1.xml.rels
15:36:27.672main] DEBUG org.apache.poi.openxml4j.opc.PackageRelationshipCollection.parseRelationshipsPart(PackageRelationshipCollection.java:307)opper - Parsing relationship: /_rels/.rels
15:36:27.745main] DEBUG org.apache.poi.openxml4j.opc.PackageRelationshipCollection.parseRelationshipsPart(PackageRelationshipCollection.java:307)opper - Parsing relationship: /xl/_rels/workbook.xml.rels
15:36:27.754main] DEBUG org.apache.poi.openxml4j.opc.PackageRelationshipCollection.parseRelationshipsPart(PackageRelationshipCollection.java:307)opper - Parsing relationship: /xl/worksheets/_rels/sheet1.xml.rels
15:36:27.758main] DEBUG org.apache.poi.openxml4j.opc.PackageRelationshipCollection.parseRelationshipsPart(PackageRelationshipCollection.java:307)opper - Parsing relationship: /_rels/.rels
15:36:27.834main] DEBUG org.apache.poi.openxml4j.opc.PackageRelationshipCollection.parseRelationshipsPart(PackageRelationshipCollection.java:307)opper - Parsing relationship: /xl/_rels/workbook.xml.rels
15:36:27.839main] DEBUG org.apache.poi.openxml4j.opc.PackageRelationshipCollection.parseRelationshipsPart(PackageRelationshipCollection.java:307)opper - Parsing relationship: /xl/worksheets/_rels/sheet1.xml.rels
15:36:27.842main] DEBUG org.apache.poi.openxml4j.opc.PackageRelationshipCollection.parseRelationshipsPart(PackageRelationshipCollection.java:307)opper - Parsing relationship: /_rels/.rels
15:36:27.899main] DEBUG org.apache.poi.openxml4j.opc.PackageRelationshipCollection.parseRelationshipsPart(PackageRelationshipCollection.java:307)opper - Parsing relationship: /xl/_rels/workbook.xml.rels
15:36:27.905main] DEBUG org.apache.poi.openxml4j.opc.PackageRelationshipCollection.parseRelationshipsPart(PackageRelationshipCollection.java:307)opper - Parsing relationship: /xl/worksheets/_rels/sheet1.xml.rels
15:36:27.908main] DEBUG org.apache.poi.openxml4j.opc.PackageRelationshipCollection.parseRelationshipsPart(PackageRelationshipCollection.java:307)opper - Parsing relationship: /_rels/.rels
15:36:28.013main] DEBUG org.apache.poi.openxml4j.opc.PackageRelationshipCollection.parseRelationshipsPart(PackageRelationshipCollection.java:307)opper - Parsing relationship: /xl/_rels/workbook.xml.rels
15:36:28.015main] DEBUG org.apache.poi.openxml4j.opc.PackageRelationshipCollection.parseRelationshipsPart(PackageRelationshipCollection.java:307)opper - Parsing relationship: /xl/worksheets/_rels/sheet1.xml.rels
15:36:28.024main] DEBUG org.apache.poi.openxml4j.opc.PackageRelationshipCollection.parseRelationshipsPart(PackageRelationshipCollection.java:307)opper - Parsing relationship: /_rels/.rels
15:36:28.109main] DEBUG org.apache.poi.openxml4j.opc.PackageRelationshipCollection.parseRelationshipsPart(PackageRelationshipCollection.java:307)opper - Parsing relationship: /xl/_rels/workbook.xml.rels
15:36:28.111main] DEBUG org.apache.poi.openxml4j.opc.PackageRelationshipCollection.parseRelationshipsPart(PackageRelationshipCollection.java:307)opper - Parsing relationship: /xl/worksheets/_rels/sheet1.xml.rels
15:36:28.113main] DEBUG org.apache.poi.openxml4j.opc.PackageRelationshipCollection.parseRelationshipsPart(PackageRelationshipCollection.java:307)opper - Parsing relationship: /_rels/.rels
15:36:28.188main] DEBUG org.apache.poi.openxml4j.opc.PackageRelationshipCollection.parseRelationshipsPart(PackageRelationshipCollection.java:307)opper - Parsing relationship: /xl/_rels/workbook.xml.rels
