11:08:03.483main] DEBUG org.apache.poi.openxml4j.opc.PackageRelationshipCollection.parseRelationshipsPart(PackageRelationshipCollection.java:307)opper - Parsing relationship: /_rels/.rels
11:08:03.607main] DEBUG org.apache.poi.openxml4j.opc.PackageRelationshipCollection.parseRelationshipsPart(PackageRelationshipCollection.java:307)opper - Parsing relationship: /xl/_rels/workbook.xml.rels
11:08:03.610main] DEBUG org.apache.poi.openxml4j.opc.PackageRelationshipCollection.parseRelationshipsPart(PackageRelationshipCollection.java:307)opper - Parsing relationship: /xl/worksheets/_rels/sheet1.xml.rels
11:08:03.614main] DEBUG org.apache.poi.openxml4j.opc.PackageRelationshipCollection.parseRelationshipsPart(PackageRelationshipCollection.java:307)opper - Parsing relationship: /_rels/.rels
11:08:03.656main] DEBUG org.apache.poi.openxml4j.opc.PackageRelationshipCollection.parseRelationshipsPart(PackageRelationshipCollection.java:307)opper - Parsing relationship: /xl/_rels/workbook.xml.rels
11:08:03.658main] DEBUG org.apache.poi.openxml4j.opc.PackageRelationshipCollection.parseRelationshipsPart(PackageRelationshipCollection.java:307)opper - Parsing relationship: /xl/worksheets/_rels/sheet1.xml.rels
11:08:03.661main] DEBUG org.apache.poi.openxml4j.opc.PackageRelationshipCollection.parseRelationshipsPart(PackageRelationshipCollection.java:307)opper - Parsing relationship: /_rels/.rels
11:08:03.708main] DEBUG org.apache.poi.openxml4j.opc.PackageRelationshipCollection.parseRelationshipsPart(PackageRelationshipCollection.java:307)opper - Parsing relationship: /xl/_rels/workbook.xml.rels
11:08:03.710main] DEBUG org.apache.poi.openxml4j.opc.PackageRelationshipCollection.parseRelationshipsPart(PackageRelationshipCollection.java:307)opper - Parsing relationship: /xl/worksheets/_rels/sheet1.xml.rels
11:08:03.712main] DEBUG org.apache.poi.openxml4j.opc.PackageRelationshipCollection.parseRelationshipsPart(PackageRelationshipCollection.java:307)opper - Parsing relationship: /_rels/.rels
11:08:03.769main] DEBUG org.apache.poi.openxml4j.opc.PackageRelationshipCollection.parseRelationshipsPart(PackageRelationshipCollection.java:307)opper - Parsing relationship: /xl/_rels/workbook.xml.rels
11:08:03.773main] DEBUG org.apache.poi.openxml4j.opc.PackageRelationshipCollection.parseRelationshipsPart(PackageRelationshipCollection.java:307)opper - Parsing relationship: /xl/worksheets/_rels/sheet1.xml.rels
11:08:03.777main] DEBUG org.apache.poi.openxml4j.opc.PackageRelationshipCollection.parseRelationshipsPart(PackageRelationshipCollection.java:307)opper - Parsing relationship: /_rels/.rels
11:08:03.819main] DEBUG org.apache.poi.openxml4j.opc.PackageRelationshipCollection.parseRelationshipsPart(PackageRelationshipCollection.java:307)opper - Parsing relationship: /xl/_rels/workbook.xml.rels
11:08:03.822main] DEBUG org.apache.poi.openxml4j.opc.PackageRelationshipCollection.parseRelationshipsPart(PackageRelationshipCollection.java:307)opper - Parsing relationship: /xl/worksheets/_rels/sheet1.xml.rels
11:08:03.824main] DEBUG org.apache.poi.openxml4j.opc.PackageRelationshipCollection.parseRelationshipsPart(PackageRelationshipCollection.java:307)opper - Parsing relationship: /_rels/.rels
11:08:03.863main] DEBUG org.apache.poi.openxml4j.opc.PackageRelationshipCollection.parseRelationshipsPart(PackageRelationshipCollection.java:307)opper - Parsing relationship: /xl/_rels/workbook.xml.rels
11:08:03.866main] DEBUG org.apache.poi.openxml4j.opc.PackageRelationshipCollection.parseRelationshipsPart(PackageRelationshipCollection.java:307)opper - Parsing relationship: /xl/worksheets/_rels/sheet1.xml.rels
11:08:03.869main] DEBUG org.apache.poi.openxml4j.opc.PackageRelationshipCollection.parseRelationshipsPart(PackageRelationshipCollection.java:307)opper - Parsing relationship: /_rels/.rels
11:08:04.010main] INFO  testCases.TC003_LoginDDT.verify_loginDDT(TC003_LoginDDT.java:18)opper - **** Starting TC_003_LoginDDT ****
11:19:02.770main] DEBUG org.testng.log4testng.Logger.debug(Logger.java:82)opper - suiteXmlPath: "C:\Users\Ganga\eclipse-workspace\OpenCartV121\master.xml"
11:19:03.800main] INFO  org.testng.log4testng.Logger.info(Logger.java:112)opper - [TestNG] Running:
  C:\Users\Ganga\eclipse-workspace\OpenCartV121\master.xml

11:19:48.330main] DEBUG org.apache.poi.openxml4j.opc.PackageRelationshipCollection.parseRelationshipsPart(PackageRelationshipCollection.java:307)opper - Parsing relationship: /xl/_rels/workbook.xml.rels
11:19:48.343main] DEBUG org.apache.poi.openxml4j.opc.PackageRelationshipCollection.parseRelationshipsPart(PackageRelationshipCollection.java:307)opper - Parsing relationship: /xl/worksheets/_rels/sheet1.xml.rels
11:19:48.355main] DEBUG org.apache.poi.openxml4j.opc.PackageRelationshipCollection.parseRelationshipsPart(PackageRelationshipCollection.java:307)opper - Parsing relationship: /_rels/.rels
11:19:52.686main] DEBUG org.apache.poi.openxml4j.opc.PackageRelationshipCollection.parseRelationshipsPart(PackageRelationshipCollection.java:307)opper - Parsing relationship: /xl/_rels/workbook.xml.rels
11:19:52.691main] DEBUG org.apache.poi.openxml4j.opc.PackageRelationshipCollection.parseRelationshipsPart(PackageRelationshipCollection.java:307)opper - Parsing relationship: /xl/worksheets/_rels/sheet1.xml.rels
11:19:52.695main] DEBUG org.apache.poi.openxml4j.opc.PackageRelationshipCollection.parseRelationshipsPart(PackageRelationshipCollection.java:307)opper - Parsing relationship: /_rels/.rels
11:19:52.806main] DEBUG org.apache.poi.openxml4j.opc.PackageRelationshipCollection.parseRelationshipsPart(PackageRelationshipCollection.java:307)opper - Parsing relationship: /xl/_rels/workbook.xml.rels
11:19:52.813main] DEBUG org.apache.poi.openxml4j.opc.PackageRelationshipCollection.parseRelationshipsPart(PackageRelationshipCollection.java:307)opper - Parsing relationship: /xl/worksheets/_rels/sheet1.xml.rels
11:19:52.819main] DEBUG org.apache.poi.openxml4j.opc.PackageRelationshipCollection.parseRelationshipsPart(PackageRelationshipCollection.java:307)opper - Parsing relationship: /_rels/.rels
11:19:52.945main] DEBUG org.apache.poi.openxml4j.opc.PackageRelationshipCollection.parseRelationshipsPart(PackageRelationshipCollection.java:307)opper - Parsing relationship: /xl/_rels/workbook.xml.rels
11:19:52.949main] DEBUG org.apache.poi.openxml4j.opc.PackageRelationshipCollection.parseRelationshipsPart(PackageRelationshipCollection.java:307)opper - Parsing relationship: /xl/worksheets/_rels/sheet1.xml.rels
11:19:52.953main] DEBUG org.apache.poi.openxml4j.opc.PackageRelationshipCollection.parseRelationshipsPart(PackageRelationshipCollection.java:307)opper - Parsing relationship: /_rels/.rels
11:19:53.009main] DEBUG org.apache.poi.openxml4j.opc.PackageRelationshipCollection.parseRelationshipsPart(PackageRelationshipCollection.java:307)opper - Parsing relationship: /xl/_rels/workbook.xml.rels
11:19:53.012main] DEBUG org.apache.poi.openxml4j.opc.PackageRelationshipCollection.parseRelationshipsPart(PackageRelationshipCollection.java:307)opper - Parsing relationship: /xl/worksheets/_rels/sheet1.xml.rels
11:19:53.016main] DEBUG org.apache.poi.openxml4j.opc.PackageRelationshipCollection.parseRelationshipsPart(PackageRelationshipCollection.java:307)opper - Parsing relationship: /_rels/.rels
11:19:53.076main] DEBUG org.apache.poi.openxml4j.opc.PackageRelationshipCollection.parseRelationshipsPart(PackageRelationshipCollection.java:307)opper - Parsing relationship: /xl/_rels/workbook.xml.rels
11:19:53.082main] DEBUG org.apache.poi.openxml4j.opc.PackageRelationshipCollection.parseRelationshipsPart(PackageRelationshipCollection.java:307)opper - Parsing relationship: /xl/worksheets/_rels/sheet1.xml.rels
11:19:53.087main] DEBUG org.apache.poi.openxml4j.opc.PackageRelationshipCollection.parseRelationshipsPart(PackageRelationshipCollection.java:307)opper - Parsing relationship: /_rels/.rels
11:19:53.143main] DEBUG org.apache.poi.openxml4j.opc.PackageRelationshipCollection.parseRelationshipsPart(PackageRelationshipCollection.java:307)opper - Parsing relationship: /xl/_rels/workbook.xml.rels
11:19:53.146main] DEBUG org.apache.poi.openxml4j.opc.PackageRelationshipCollection.parseRelationshipsPart(PackageRelationshipCollection.java:307)opper - Parsing relationship: /xl/worksheets/_rels/sheet1.xml.rels
11:19:53.149main] DEBUG org.apache.poi.openxml4j.opc.PackageRelationshipCollection.parseRelationshipsPart(PackageRelationshipCollection.java:307)opper - Parsing relationship: /_rels/.rels
11:19:53.204main] DEBUG org.apache.poi.openxml4j.opc.PackageRelationshipCollection.parseRelationshipsPart(PackageRelationshipCollection.java:307)opper - Parsing relationship: /xl/_rels/workbook.xml.rels
11:19:53.207main] DEBUG org.apache.poi.openxml4j.opc.PackageRelationshipCollection.parseRelationshipsPart(PackageRelationshipCollection.java:307)opper - Parsing relationship: /xl/worksheets/_rels/sheet1.xml.rels
11:19:53.210main] DEBUG org.apache.poi.openxml4j.opc.PackageRelationshipCollection.parseRelationshipsPart(PackageRelationshipCollection.java:307)opper - Parsing relationship: /_rels/.rels
11:19:53.257main] DEBUG org.apache.poi.openxml4j.opc.PackageRelationshipCollection.parseRelationshipsPart(PackageRelationshipCollection.java:307)opper - Parsing relationship: /xl/_rels/workbook.xml.rels
11:19:53.261main] DEBUG org.apache.poi.openxml4j.opc.PackageRelationshipCollection.parseRelationshipsPart(PackageRelationshipCollection.java:307)opper - Parsing relationship: /xl/worksheets/_rels/sheet1.xml.rels
11:19:53.266main] DEBUG org.apache.poi.openxml4j.opc.PackageRelationshipCollection.parseRelationshipsPart(PackageRelationshipCollection.java:307)opper - Parsing relationship: /_rels/.rels
11:19:53.311main] DEBUG org.apache.poi.openxml4j.opc.PackageRelationshipCollection.parseRelationshipsPart(PackageRelationshipCollection.java:307)opper - Parsing relationship: /xl/_rels/workbook.xml.rels
11:19:53.315main] DEBUG org.apache.poi.openxml4j.opc.PackageRelationshipCollection.parseRelationshipsPart(PackageRelationshipCollection.java:307)opper - Parsing relationship: /xl/worksheets/_rels/sheet1.xml.rels
11:19:53.318main] DEBUG org.apache.poi.openxml4j.opc.PackageRelationshipCollection.parseRelationshipsPart(PackageRelationshipCollection.java:307)opper - Parsing relationship: /_rels/.rels
11:19:53.411main] DEBUG org.apache.poi.openxml4j.opc.PackageRelationshipCollection.parseRelationshipsPart(PackageRelationshipCollection.java:307)opper - Parsing relationship: /xl/_rels/workbook.xml.rels
11:19:53.415main] DEBUG org.apache.poi.openxml4j.opc.PackageRelationshipCollection.parseRelationshipsPart(PackageRelationshipCollection.java:307)opper - Parsing relationship: /xl/worksheets/_rels/sheet1.xml.rels
11:19:53.418main] DEBUG org.apache.poi.openxml4j.opc.PackageRelationshipCollection.parseRelationshipsPart(PackageRelationshipCollection.java:307)opper - Parsing relationship: /_rels/.rels
11:19:53.461main] DEBUG org.apache.poi.openxml4j.opc.PackageRelationshipCollection.parseRelationshipsPart(PackageRelationshipCollection.java:307)opper - Parsing relationship: /xl/_rels/workbook.xml.rels
11:19:53.465main] DEBUG org.apache.poi.openxml4j.opc.PackageRelationshipCollection.parseRelationshipsPart(PackageRelationshipCollection.java:307)opper - Parsing relationship: /xl/worksheets/_rels/sheet1.xml.rels
11:19:53.468main] DEBUG org.apache.poi.openxml4j.opc.PackageRelationshipCollection.parseRelationshipsPart(PackageRelationshipCollection.java:307)opper - Parsing relationship: /_rels/.rels
11:19:53.516main] DEBUG org.apache.poi.openxml4j.opc.PackageRelationshipCollection.parseRelationshipsPart(PackageRelationshipCollection.java:307)opper - Parsing relationship: /xl/_rels/workbook.xml.rels
11:19:53.520main] DEBUG org.apache.poi.openxml4j.opc.PackageRelationshipCollection.parseRelationshipsPart(PackageRelationshipCollection.java:307)opper - Parsing relationship: /xl/worksheets/_rels/sheet1.xml.rels
11:19:53.523main] DEBUG org.apache.poi.openxml4j.opc.PackageRelationshipCollection.parseRelationshipsPart(PackageRelationshipCollection.java:307)opper - Parsing relationship: /_rels/.rels
11:19:53.571main] DEBUG org.apache.poi.openxml4j.opc.PackageRelationshipCollection.parseRelationshipsPart(PackageRelationshipCollection.java:307)opper - Parsing relationship: /xl/_rels/workbook.xml.rels
11:19:53.574main] DEBUG org.apache.poi.openxml4j.opc.PackageRelationshipCollection.parseRelationshipsPart(PackageRelationshipCollection.java:307)opper - Parsing relationship: /xl/worksheets/_rels/sheet1.xml.rels
11:19:53.577main] DEBUG org.apache.poi.openxml4j.opc.PackageRelationshipCollection.parseRelationshipsPart(PackageRelationshipCollection.java:307)opper - Parsing relationship: /_rels/.rels
11:19:53.624main] DEBUG org.apache.poi.openxml4j.opc.PackageRelationshipCollection.parseRelationshipsPart(PackageRelationshipCollection.java:307)opper - Parsing relationship: /xl/_rels/workbook.xml.rels
11:19:53.626main] DEBUG org.apache.poi.openxml4j.opc.PackageRelationshipCollection.parseRelationshipsPart(PackageRelationshipCollection.java:307)opper - Parsing relationship: /xl/worksheets/_rels/sheet1.xml.rels
11:19:53.629main] DEBUG org.apache.poi.openxml4j.opc.PackageRelationshipCollection.parseRelationshipsPart(PackageRelationshipCollection.java:307)opper - Parsing relationship: /_rels/.rels
11:19:53.682main] DEBUG org.apache.poi.openxml4j.opc.PackageRelationshipCollection.parseRelationshipsPart(PackageRelationshipCollection.java:307)opper - Parsing relationship: /xl/_rels/workbook.xml.rels
11:19:53.685main] DEBUG org.apache.poi.openxml4j.opc.PackageRelationshipCollection.parseRelationshipsPart(PackageRelationshipCollection.java:307)opper - Parsing relationship: /xl/worksheets/_rels/sheet1.xml.rels
11:19:53.688main] DEBUG org.apache.poi.openxml4j.opc.PackageRelationshipCollection.parseRelationshipsPart(PackageRelationshipCollection.java:307)opper - Parsing relationship: /_rels/.rels
11:19:53.726main] DEBUG org.apache.poi.openxml4j.opc.PackageRelationshipCollection.parseRelationshipsPart(PackageRelationshipCollection.java:307)opper - Parsing relationship: /xl/_rels/workbook.xml.rels
11:19:53.729main] DEBUG org.apache.poi.openxml4j.opc.PackageRelationshipCollection.parseRelationshipsPart(PackageRelationshipCollection.java:307)opper - Parsing relationship: /xl/worksheets/_rels/sheet1.xml.rels
11:19:53.732main] DEBUG org.apache.poi.openxml4j.opc.PackageRelationshipCollection.parseRelationshipsPart(PackageRelationshipCollection.java:307)opper - Parsing relationship: /_rels/.rels
11:19:53.774main] DEBUG org.apache.poi.openxml4j.opc.PackageRelationshipCollection.parseRelationshipsPart(PackageRelationshipCollection.java:307)opper - Parsing relationship: /xl/_rels/workbook.xml.rels
11:19:53.778main] DEBUG org.apache.poi.openxml4j.opc.PackageRelationshipCollection.parseRelationshipsPart(PackageRelationshipCollection.java:307)opper - Parsing relationship: /xl/worksheets/_rels/sheet1.xml.rels
11:19:53.781main] DEBUG org.apache.poi.openxml4j.opc.PackageRelationshipCollection.parseRelationshipsPart(PackageRelationshipCollection.java:307)opper - Parsing relationship: /_rels/.rels
11:19:53.846main] DEBUG org.apache.poi.openxml4j.opc.PackageRelationshipCollection.parseRelationshipsPart(PackageRelationshipCollection.java:307)opper - Parsing relationship: /xl/_rels/workbook.xml.rels
11:19:53.850main] DEBUG org.apache.poi.openxml4j.opc.PackageRelationshipCollection.parseRelationshipsPart(PackageRelationshipCollection.java:307)opper - Parsing relationship: /xl/worksheets/_rels/sheet1.xml.rels
11:19:53.853main] DEBUG org.apache.poi.openxml4j.opc.PackageRelationshipCollection.parseRelationshipsPart(PackageRelationshipCollection.java:307)opper - Parsing relationship: /_rels/.rels
11:19:53.891main] DEBUG org.apache.poi.openxml4j.opc.PackageRelationshipCollection.parseRelationshipsPart(PackageRelationshipCollection.java:307)opper - Parsing relationship: /xl/_rels/workbook.xml.rels
11:19:53.894main] DEBUG org.apache.poi.openxml4j.opc.PackageRelationshipCollection.parseRelationshipsPart(PackageRelationshipCollection.java:307)opper - Parsing relationship: /xl/worksheets/_rels/sheet1.xml.rels
11:19:53.897main] DEBUG org.apache.poi.openxml4j.opc.PackageRelationshipCollection.parseRelationshipsPart(PackageRelationshipCollection.java:307)opper - Parsing relationship: /_rels/.rels
11:19:53.938main] DEBUG org.apache.poi.openxml4j.opc.PackageRelationshipCollection.parseRelationshipsPart(PackageRelationshipCollection.java:307)opper - Parsing relationship: /xl/_rels/workbook.xml.rels
11:19:53.941main] DEBUG org.apache.poi.openxml4j.opc.PackageRelationshipCollection.parseRelationshipsPart(PackageRelationshipCollection.java:307)opper - Parsing relationship: /xl/worksheets/_rels/sheet1.xml.rels
11:19:53.944main] DEBUG org.apache.poi.openxml4j.opc.PackageRelationshipCollection.parseRelationshipsPart(PackageRelationshipCollection.java:307)opper - Parsing relationship: /_rels/.rels
11:19:53.982main] DEBUG org.apache.poi.openxml4j.opc.PackageRelationshipCollection.parseRelationshipsPart(PackageRelationshipCollection.java:307)opper - Parsing relationship: /xl/_rels/workbook.xml.rels
11:19:53.985main] DEBUG org.apache.poi.openxml4j.opc.PackageRelationshipCollection.parseRelationshipsPart(PackageRelationshipCollection.java:307)opper - Parsing relationship: /xl/worksheets/_rels/sheet1.xml.rels
11:19:53.990main] DEBUG org.apache.poi.openxml4j.opc.PackageRelationshipCollection.parseRelationshipsPart(PackageRelationshipCollection.java:307)opper - Parsing relationship: /_rels/.rels
11:19:54.045main] DEBUG org.apache.poi.openxml4j.opc.PackageRelationshipCollection.parseRelationshipsPart(PackageRelationshipCollection.java:307)opper - Parsing relationship: /xl/_rels/workbook.xml.rels
11:19:54.048main] DEBUG org.apache.poi.openxml4j.opc.PackageRelationshipCollection.parseRelationshipsPart(PackageRelationshipCollection.java:307)opper - Parsing relationship: /xl/worksheets/_rels/sheet1.xml.rels
11:19:54.050main] DEBUG org.apache.poi.openxml4j.opc.PackageRelationshipCollection.parseRelationshipsPart(PackageRelationshipCollection.java:307)opper - Parsing relationship: /_rels/.rels
11:19:54.107main] DEBUG org.apache.poi.openxml4j.opc.PackageRelationshipCollection.parseRelationshipsPart(PackageRelationshipCollection.java:307)opper - Parsing relationship: /xl/_rels/workbook.xml.rels
11:19:54.109main] DEBUG org.apache.poi.openxml4j.opc.PackageRelationshipCollection.parseRelationshipsPart(PackageRelationshipCollection.java:307)opper - Parsing relationship: /xl/worksheets/_rels/sheet1.xml.rels
11:19:54.117main] DEBUG org.apache.poi.openxml4j.opc.PackageRelationshipCollection.parseRelationshipsPart(PackageRelationshipCollection.java:307)opper - Parsing relationship: /_rels/.rels
11:19:54.168main] DEBUG org.apache.poi.openxml4j.opc.PackageRelationshipCollection.parseRelationshipsPart(PackageRelationshipCollection.java:307)opper - Parsing relationship: /xl/_rels/workbook.xml.rels
11:19:54.171main] DEBUG org.apache.poi.openxml4j.opc.PackageRelationshipCollection.parseRelationshipsPart(PackageRelationshipCollection.java:307)opper - Parsing relationship: /xl/worksheets/_rels/sheet1.xml.rels
11:19:54.174main] DEBUG org.apache.poi.openxml4j.opc.PackageRelationshipCollection.parseRelationshipsPart(PackageRelationshipCollection.java:307)opper - Parsing relationship: /_rels/.rels
11:19:54.219main] DEBUG org.apache.poi.openxml4j.opc.PackageRelationshipCollection.parseRelationshipsPart(PackageRelationshipCollection.java:307)opper - Parsing relationship: /xl/_rels/workbook.xml.rels
11:19:54.222main] DEBUG org.apache.poi.openxml4j.opc.PackageRelationshipCollection.parseRelationshipsPart(PackageRelationshipCollection.java:307)opper - Parsing relationship: /xl/worksheets/_rels/sheet1.xml.rels
11:19:54.227main] DEBUG org.apache.poi.openxml4j.opc.PackageRelationshipCollection.parseRelationshipsPart(PackageRelationshipCollection.java:307)opper - Parsing relationship: /_rels/.rels
11:19:56.621main] INFO  testCases.TC003_LoginDDT.verify_loginDDT(TC003_LoginDDT.java:18)opper - **** Starting TC_003_LoginDDT ****
11:24:12.442main] DEBUG org.testng.log4testng.Logger.debug(Logger.java:82)opper - suiteXmlPath: "C:\Users\Ganga\eclipse-workspace\OpenCartV121\master.xml"
11:24:13.193main] INFO  org.testng.log4testng.Logger.info(Logger.java:112)opper - [TestNG] Running:
  C:\Users\Ganga\eclipse-workspace\OpenCartV121\master.xml

11:24:32.640main] INFO  testCases.TC001_AccountRegistrationTest.verify_account_registration(TC001_AccountRegistrationTest.java:15)opper - ***** Starting TC001_AccountRegistrationTest *****
11:24:33.352main] INFO  testCases.TC001_AccountRegistrationTest.verify_account_registration(TC001_AccountRegistrationTest.java:20)opper - Clicked on MyAccont Link
11:24:34.862main] INFO  testCases.TC001_AccountRegistrationTest.verify_account_registration(TC001_AccountRegistrationTest.java:23)opper - Clicked on Register Link
11:24:34.890main] INFO  testCases.TC001_AccountRegistrationTest.verify_account_registration(TC001_AccountRegistrationTest.java:27)opper - Providing Customer Details....
11:24:54.812main] INFO  testCases.TC001_AccountRegistrationTest.verify_account_registration(TC001_AccountRegistrationTest.java:42)opper - Validating Expected Result
11:24:55.327main] INFO  testCases.TC001_AccountRegistrationTest.verify_account_registration(TC001_AccountRegistrationTest.java:57)opper - ***** Finished TC001_AccountRegistrationTest *****
11:26:40.719main] DEBUG org.testng.log4testng.Logger.debug(Logger.java:82)opper - suiteXmlPath: "C:\Users\Ganga\eclipse-workspace\OpenCartV121\master.xml"
11:26:41.484main] INFO  org.testng.log4testng.Logger.info(Logger.java:112)opper - [TestNG] Running:
  C:\Users\Ganga\eclipse-workspace\OpenCartV121\master.xml

11:26:50.631main] INFO  testCases.TC001_AccountRegistrationTest.verify_account_registration(TC001_AccountRegistrationTest.java:15)opper - ***** Starting TC001_AccountRegistrationTest *****
11:26:51.395main] INFO  testCases.TC001_AccountRegistrationTest.verify_account_registration(TC001_AccountRegistrationTest.java:20)opper - Clicked on MyAccont Link
11:26:52.299main] INFO  testCases.TC001_AccountRegistrationTest.verify_account_registration(TC001_AccountRegistrationTest.java:23)opper - Clicked on Register Link
11:26:52.316main] INFO  testCases.TC001_AccountRegistrationTest.verify_account_registration(TC001_AccountRegistrationTest.java:27)opper - Providing Customer Details....
11:26:54.519main] INFO  testCases.TC001_AccountRegistrationTest.verify_account_registration(TC001_AccountRegistrationTest.java:42)opper - Validating Expected Result
11:26:54.613main] INFO  testCases.TC001_AccountRegistrationTest.verify_account_registration(TC001_AccountRegistrationTest.java:57)opper - ***** Finished TC001_AccountRegistrationTest *****
11:27:26.689main] DEBUG org.testng.log4testng.Logger.debug(Logger.java:82)opper - suiteXmlPath: "C:\Users\Ganga\eclipse-workspace\OpenCartV121\master.xml"
11:27:27.450main] INFO  org.testng.log4testng.Logger.info(Logger.java:112)opper - [TestNG] Running:
  C:\Users\Ganga\eclipse-workspace\OpenCartV121\master.xml

11:27:37.371main] INFO  testCases.TC001_AccountRegistrationTest.verify_account_registration(TC001_AccountRegistrationTest.java:15)opper - ***** Starting TC001_AccountRegistrationTest *****
11:27:38.346main] INFO  testCases.TC001_AccountRegistrationTest.verify_account_registration(TC001_AccountRegistrationTest.java:20)opper - Clicked on MyAccont Link
11:27:39.351main] INFO  testCases.TC001_AccountRegistrationTest.verify_account_registration(TC001_AccountRegistrationTest.java:23)opper - Clicked on Register Link
11:27:39.357main] INFO  testCases.TC001_AccountRegistrationTest.verify_account_registration(TC001_AccountRegistrationTest.java:27)opper - Providing Customer Details....
11:27:41.776main] INFO  testCases.TC001_AccountRegistrationTest.verify_account_registration(TC001_AccountRegistrationTest.java:42)opper - Validating Expected Result
11:27:41.866main] INFO  testCases.TC001_AccountRegistrationTest.verify_account_registration(TC001_AccountRegistrationTest.java:57)opper - ***** Finished TC001_AccountRegistrationTest *****
11:30:26.206main] DEBUG org.testng.log4testng.Logger.debug(Logger.java:82)opper - suiteXmlPath: "C:\Users\Ganga\eclipse-workspace\OpenCartV121\master.xml"
11:30:26.909main] INFO  org.testng.log4testng.Logger.info(Logger.java:112)opper - [TestNG] Running:
  C:\Users\Ganga\eclipse-workspace\OpenCartV121\master.xml

11:30:37.505main] INFO  testCases.TC002_LoginTest.verify_Login(TC002_LoginTest.java:15)opper - ***** Starting TC_002_LoginTest *****
11:31:25.669main] DEBUG org.testng.log4testng.Logger.debug(Logger.java:82)opper - suiteXmlPath: "C:\Users\Ganga\eclipse-workspace\OpenCartV121\master.xml"
11:31:26.407main] INFO  org.testng.log4testng.Logger.info(Logger.java:112)opper - [TestNG] Running:
  C:\Users\Ganga\eclipse-workspace\OpenCartV121\master.xml

11:31:37.649main] INFO  testCases.TC002_LoginTest.verify_Login(TC002_LoginTest.java:15)opper - ***** Starting TC_002_LoginTest *****
11:44:11.211main] DEBUG org.testng.log4testng.Logger.debug(Logger.java:82)opper - suiteXmlPath: "C:\Users\Ganga\eclipse-workspace\OpenCartV121\master.xml"
11:44:12.140main] INFO  org.testng.log4testng.Logger.info(Logger.java:112)opper - [TestNG] Running:
  C:\Users\Ganga\eclipse-workspace\OpenCartV121\master.xml

11:44:50.217main] INFO  testCases.TC002_LoginTest.verify_Login(TC002_LoginTest.java:15)opper - ***** Starting TC_002_LoginTest *****
11:46:53.863main] DEBUG org.testng.log4testng.Logger.debug(Logger.java:82)opper - suiteXmlPath: "C:\Users\Ganga\eclipse-workspace\OpenCartV121\master.xml"
11:46:54.968main] INFO  org.testng.log4testng.Logger.info(Logger.java:112)opper - [TestNG] Running:
  C:\Users\Ganga\eclipse-workspace\OpenCartV121\master.xml

11:47:56.124main] INFO  testCases.TC001_AccountRegistrationTest.verify_account_registration(TC001_AccountRegistrationTest.java:15)opper - ***** Starting TC001_AccountRegistrationTest *****
11:48:00.116main] INFO  testCases.TC001_AccountRegistrationTest.verify_account_registration(TC001_AccountRegistrationTest.java:20)opper - Clicked on MyAccont Link
11:48:05.889main] INFO  testCases.TC001_AccountRegistrationTest.verify_account_registration(TC001_AccountRegistrationTest.java:23)opper - Clicked on Register Link
11:48:05.917main] INFO  testCases.TC001_AccountRegistrationTest.verify_account_registration(TC001_AccountRegistrationTest.java:27)opper - Providing Customer Details....
11:48:23.410main] INFO  testCases.TC001_AccountRegistrationTest.verify_account_registration(TC001_AccountRegistrationTest.java:42)opper - Validating Expected Result
11:48:23.785main] INFO  testCases.TC001_AccountRegistrationTest.verify_account_registration(TC001_AccountRegistrationTest.java:57)opper - ***** Finished TC001_AccountRegistrationTest *****
11:49:03.304main] INFO  testCases.TC002_LoginTest.verify_Login(TC002_LoginTest.java:15)opper - ***** Starting TC_002_LoginTest *****
11:49:42.469main] DEBUG org.apache.poi.openxml4j.opc.PackageRelationshipCollection.parseRelationshipsPart(PackageRelationshipCollection.java:307)opper - Parsing relationship: /xl/_rels/workbook.xml.rels
11:49:42.480main] DEBUG org.apache.poi.openxml4j.opc.PackageRelationshipCollection.parseRelationshipsPart(PackageRelationshipCollection.java:307)opper - Parsing relationship: /xl/worksheets/_rels/sheet1.xml.rels
11:49:42.487main] DEBUG org.apache.poi.openxml4j.opc.PackageRelationshipCollection.parseRelationshipsPart(PackageRelationshipCollection.java:307)opper - Parsing relationship: /_rels/.rels
11:49:49.712main] DEBUG org.apache.poi.openxml4j.opc.PackageRelationshipCollection.parseRelationshipsPart(PackageRelationshipCollection.java:307)opper - Parsing relationship: /xl/_rels/workbook.xml.rels
11:49:49.718main] DEBUG org.apache.poi.openxml4j.opc.PackageRelationshipCollection.parseRelationshipsPart(PackageRelationshipCollection.java:307)opper - Parsing relationship: /xl/worksheets/_rels/sheet1.xml.rels
11:49:49.724main] DEBUG org.apache.poi.openxml4j.opc.PackageRelationshipCollection.parseRelationshipsPart(PackageRelationshipCollection.java:307)opper - Parsing relationship: /_rels/.rels
11:49:49.805main] DEBUG org.apache.poi.openxml4j.opc.PackageRelationshipCollection.parseRelationshipsPart(PackageRelationshipCollection.java:307)opper - Parsing relationship: /xl/_rels/workbook.xml.rels
11:49:49.808main] DEBUG org.apache.poi.openxml4j.opc.PackageRelationshipCollection.parseRelationshipsPart(PackageRelationshipCollection.java:307)opper - Parsing relationship: /xl/worksheets/_rels/sheet1.xml.rels
11:49:49.814main] DEBUG org.apache.poi.openxml4j.opc.PackageRelationshipCollection.parseRelationshipsPart(PackageRelationshipCollection.java:307)opper - Parsing relationship: /_rels/.rels
11:49:49.981main] DEBUG org.apache.poi.openxml4j.opc.PackageRelationshipCollection.parseRelationshipsPart(PackageRelationshipCollection.java:307)opper - Parsing relationship: /xl/_rels/workbook.xml.rels
11:49:49.986main] DEBUG org.apache.poi.openxml4j.opc.PackageRelationshipCollection.parseRelationshipsPart(PackageRelationshipCollection.java:307)opper - Parsing relationship: /xl/worksheets/_rels/sheet1.xml.rels
11:49:49.989main] DEBUG org.apache.poi.openxml4j.opc.PackageRelationshipCollection.parseRelationshipsPart(PackageRelationshipCollection.java:307)opper - Parsing relationship: /_rels/.rels
11:49:50.075main] DEBUG org.apache.poi.openxml4j.opc.PackageRelationshipCollection.parseRelationshipsPart(PackageRelationshipCollection.java:307)opper - Parsing relationship: /xl/_rels/workbook.xml.rels
11:49:50.078main] DEBUG org.apache.poi.openxml4j.opc.PackageRelationshipCollection.parseRelationshipsPart(PackageRelationshipCollection.java:307)opper - Parsing relationship: /xl/worksheets/_rels/sheet1.xml.rels
11:49:50.093main] DEBUG org.apache.poi.openxml4j.opc.PackageRelationshipCollection.parseRelationshipsPart(PackageRelationshipCollection.java:307)opper - Parsing relationship: /_rels/.rels
11:49:50.189main] DEBUG org.apache.poi.openxml4j.opc.PackageRelationshipCollection.parseRelationshipsPart(PackageRelationshipCollection.java:307)opper - Parsing relationship: /xl/_rels/workbook.xml.rels
11:49:50.192main] DEBUG org.apache.poi.openxml4j.opc.PackageRelationshipCollection.parseRelationshipsPart(PackageRelationshipCollection.java:307)opper - Parsing relationship: /xl/worksheets/_rels/sheet1.xml.rels
11:49:50.195main] DEBUG org.apache.poi.openxml4j.opc.PackageRelationshipCollection.parseRelationshipsPart(PackageRelationshipCollection.java:307)opper - Parsing relationship: /_rels/.rels
11:49:50.268main] DEBUG org.apache.poi.openxml4j.opc.PackageRelationshipCollection.parseRelationshipsPart(PackageRelationshipCollection.java:307)opper - Parsing relationship: /xl/_rels/workbook.xml.rels
11:49:50.274main] DEBUG org.apache.poi.openxml4j.opc.PackageRelationshipCollection.parseRelationshipsPart(PackageRelationshipCollection.java:307)opper - Parsing relationship: /xl/worksheets/_rels/sheet1.xml.rels
11:49:50.278main] DEBUG org.apache.poi.openxml4j.opc.PackageRelationshipCollection.parseRelationshipsPart(PackageRelationshipCollection.java:307)opper - Parsing relationship: /_rels/.rels
11:49:50.393main] DEBUG org.apache.poi.openxml4j.opc.PackageRelationshipCollection.parseRelationshipsPart(PackageRelationshipCollection.java:307)opper - Parsing relationship: /xl/_rels/workbook.xml.rels
11:49:50.397main] DEBUG org.apache.poi.openxml4j.opc.PackageRelationshipCollection.parseRelationshipsPart(PackageRelationshipCollection.java:307)opper - Parsing relationship: /xl/worksheets/_rels/sheet1.xml.rels
11:49:50.401main] DEBUG org.apache.poi.openxml4j.opc.PackageRelationshipCollection.parseRelationshipsPart(PackageRelationshipCollection.java:307)opper - Parsing relationship: /_rels/.rels
11:49:50.491main] DEBUG org.apache.poi.openxml4j.opc.PackageRelationshipCollection.parseRelationshipsPart(PackageRelationshipCollection.java:307)opper - Parsing relationship: /xl/_rels/workbook.xml.rels
11:49:50.493main] DEBUG org.apache.poi.openxml4j.opc.PackageRelationshipCollection.parseRelationshipsPart(PackageRelationshipCollection.java:307)opper - Parsing relationship: /xl/worksheets/_rels/sheet1.xml.rels
11:49:50.496main] DEBUG org.apache.poi.openxml4j.opc.PackageRelationshipCollection.parseRelationshipsPart(PackageRelationshipCollection.java:307)opper - Parsing relationship: /_rels/.rels
11:49:50.563main] DEBUG org.apache.poi.openxml4j.opc.PackageRelationshipCollection.parseRelationshipsPart(PackageRelationshipCollection.java:307)opper - Parsing relationship: /xl/_rels/workbook.xml.rels
11:49:50.568main] DEBUG org.apache.poi.openxml4j.opc.PackageRelationshipCollection.parseRelationshipsPart(PackageRelationshipCollection.java:307)opper - Parsing relationship: /xl/worksheets/_rels/sheet1.xml.rels
11:49:50.571main] DEBUG org.apache.poi.openxml4j.opc.PackageRelationshipCollection.parseRelationshipsPart(PackageRelationshipCollection.java:307)opper - Parsing relationship: /_rels/.rels
11:49:50.698main] DEBUG org.apache.poi.openxml4j.opc.PackageRelationshipCollection.parseRelationshipsPart(PackageRelationshipCollection.java:307)opper - Parsing relationship: /xl/_rels/workbook.xml.rels
11:49:50.701main] DEBUG org.apache.poi.openxml4j.opc.PackageRelationshipCollection.parseRelationshipsPart(PackageRelationshipCollection.java:307)opper - Parsing relationship: /xl/worksheets/_rels/sheet1.xml.rels
11:49:50.713main] DEBUG org.apache.poi.openxml4j.opc.PackageRelationshipCollection.parseRelationshipsPart(PackageRelationshipCollection.java:307)opper - Parsing relationship: /_rels/.rels
11:49:50.798main] DEBUG org.apache.poi.openxml4j.opc.PackageRelationshipCollection.parseRelationshipsPart(PackageRelationshipCollection.java:307)opper - Parsing relationship: /xl/_rels/workbook.xml.rels
11:49:50.802main] DEBUG org.apache.poi.openxml4j.opc.PackageRelationshipCollection.parseRelationshipsPart(PackageRelationshipCollection.java:307)opper - Parsing relationship: /xl/worksheets/_rels/sheet1.xml.rels
11:49:50.805main] DEBUG org.apache.poi.openxml4j.opc.PackageRelationshipCollection.parseRelationshipsPart(PackageRelationshipCollection.java:307)opper - Parsing relationship: /_rels/.rels
11:49:50.946main] DEBUG org.apache.poi.openxml4j.opc.PackageRelationshipCollection.parseRelationshipsPart(PackageRelationshipCollection.java:307)opper - Parsing relationship: /xl/_rels/workbook.xml.rels
11:49:50.956main] DEBUG org.apache.poi.openxml4j.opc.PackageRelationshipCollection.parseRelationshipsPart(PackageRelationshipCollection.java:307)opper - Parsing relationship: /xl/worksheets/_rels/sheet1.xml.rels
11:49:50.972main] DEBUG org.apache.poi.openxml4j.opc.PackageRelationshipCollection.parseRelationshipsPart(PackageRelationshipCollection.java:307)opper - Parsing relationship: /_rels/.rels
11:49:51.113main] DEBUG org.apache.poi.openxml4j.opc.PackageRelationshipCollection.parseRelationshipsPart(PackageRelationshipCollection.java:307)opper - Parsing relationship: /xl/_rels/workbook.xml.rels
11:49:51.115main] DEBUG org.apache.poi.openxml4j.opc.PackageRelationshipCollection.parseRelationshipsPart(PackageRelationshipCollection.java:307)opper - Parsing relationship: /xl/worksheets/_rels/sheet1.xml.rels
11:49:51.123main] DEBUG org.apache.poi.openxml4j.opc.PackageRelationshipCollection.parseRelationshipsPart(PackageRelationshipCollection.java:307)opper - Parsing relationship: /_rels/.rels
11:49:51.214main] DEBUG org.apache.poi.openxml4j.opc.PackageRelationshipCollection.parseRelationshipsPart(PackageRelationshipCollection.java:307)opper - Parsing relationship: /xl/_rels/workbook.xml.rels
11:49:51.222main] DEBUG org.apache.poi.openxml4j.opc.PackageRelationshipCollection.parseRelationshipsPart(PackageRelationshipCollection.java:307)opper - Parsing relationship: /xl/worksheets/_rels/sheet1.xml.rels
11:49:51.225main] DEBUG org.apache.poi.openxml4j.opc.PackageRelationshipCollection.parseRelationshipsPart(PackageRelationshipCollection.java:307)opper - Parsing relationship: /_rels/.rels
11:49:51.285main] DEBUG org.apache.poi.openxml4j.opc.PackageRelationshipCollection.parseRelationshipsPart(PackageRelationshipCollection.java:307)opper - Parsing relationship: /xl/_rels/workbook.xml.rels
11:49:51.297main] DEBUG org.apache.poi.openxml4j.opc.PackageRelationshipCollection.parseRelationshipsPart(PackageRelationshipCollection.java:307)opper - Parsing relationship: /xl/worksheets/_rels/sheet1.xml.rels
11:49:51.301main] DEBUG org.apache.poi.openxml4j.opc.PackageRelationshipCollection.parseRelationshipsPart(PackageRelationshipCollection.java:307)opper - Parsing relationship: /_rels/.rels
11:49:51.358main] DEBUG org.apache.poi.openxml4j.opc.PackageRelationshipCollection.parseRelationshipsPart(PackageRelationshipCollection.java:307)opper - Parsing relationship: /xl/_rels/workbook.xml.rels
11:49:51.363main] DEBUG org.apache.poi.openxml4j.opc.PackageRelationshipCollection.parseRelationshipsPart(PackageRelationshipCollection.java:307)opper - Parsing relationship: /xl/worksheets/_rels/sheet1.xml.rels
11:49:51.366main] DEBUG org.apache.poi.openxml4j.opc.PackageRelationshipCollection.parseRelationshipsPart(PackageRelationshipCollection.java:307)opper - Parsing relationship: /_rels/.rels
11:49:51.436main] DEBUG org.apache.poi.openxml4j.opc.PackageRelationshipCollection.parseRelationshipsPart(PackageRelationshipCollection.java:307)opper - Parsing relationship: /xl/_rels/workbook.xml.rels
11:49:51.440main] DEBUG org.apache.poi.openxml4j.opc.PackageRelationshipCollection.parseRelationshipsPart(PackageRelationshipCollection.java:307)opper - Parsing relationship: /xl/worksheets/_rels/sheet1.xml.rels
11:49:51.447main] DEBUG org.apache.poi.openxml4j.opc.PackageRelationshipCollection.parseRelationshipsPart(PackageRelationshipCollection.java:307)opper - Parsing relationship: /_rels/.rels
11:49:51.506main] DEBUG org.apache.poi.openxml4j.opc.PackageRelationshipCollection.parseRelationshipsPart(PackageRelationshipCollection.java:307)opper - Parsing relationship: /xl/_rels/workbook.xml.rels
11:49:51.511main] DEBUG org.apache.poi.openxml4j.opc.PackageRelationshipCollection.parseRelationshipsPart(PackageRelationshipCollection.java:307)opper - Parsing relationship: /xl/worksheets/_rels/sheet1.xml.rels
11:49:51.516main] DEBUG org.apache.poi.openxml4j.opc.PackageRelationshipCollection.parseRelationshipsPart(PackageRelationshipCollection.java:307)opper - Parsing relationship: /_rels/.rels
11:49:51.573main] DEBUG org.apache.poi.openxml4j.opc.PackageRelationshipCollection.parseRelationshipsPart(PackageRelationshipCollection.java:307)opper - Parsing relationship: /xl/_rels/workbook.xml.rels
11:49:51.577main] DEBUG org.apache.poi.openxml4j.opc.PackageRelationshipCollection.parseRelationshipsPart(PackageRelationshipCollection.java:307)opper - Parsing relationship: /xl/worksheets/_rels/sheet1.xml.rels
11:49:51.579main] DEBUG org.apache.poi.openxml4j.opc.PackageRelationshipCollection.parseRelationshipsPart(PackageRelationshipCollection.java:307)opper - Parsing relationship: /_rels/.rels
11:49:51.640main] DEBUG org.apache.poi.openxml4j.opc.PackageRelationshipCollection.parseRelationshipsPart(PackageRelationshipCollection.java:307)opper - Parsing relationship: /xl/_rels/workbook.xml.rels
11:49:51.642main] DEBUG org.apache.poi.openxml4j.opc.PackageRelationshipCollection.parseRelationshipsPart(PackageRelationshipCollection.java:307)opper - Parsing relationship: /xl/worksheets/_rels/sheet1.xml.rels
11:49:51.645main] DEBUG org.apache.poi.openxml4j.opc.PackageRelationshipCollection.parseRelationshipsPart(PackageRelationshipCollection.java:307)opper - Parsing relationship: /_rels/.rels
11:49:51.688main] DEBUG org.apache.poi.openxml4j.opc.PackageRelationshipCollection.parseRelationshipsPart(PackageRelationshipCollection.java:307)opper - Parsing relationship: /xl/_rels/workbook.xml.rels
11:49:51.690main] DEBUG org.apache.poi.openxml4j.opc.PackageRelationshipCollection.parseRelationshipsPart(PackageRelationshipCollection.java:307)opper - Parsing relationship: /xl/worksheets/_rels/sheet1.xml.rels
11:49:51.693main] DEBUG org.apache.poi.openxml4j.opc.PackageRelationshipCollection.parseRelationshipsPart(PackageRelationshipCollection.java:307)opper - Parsing relationship: /_rels/.rels
11:49:51.752main] DEBUG org.apache.poi.openxml4j.opc.PackageRelationshipCollection.parseRelationshipsPart(PackageRelationshipCollection.java:307)opper - Parsing relationship: /xl/_rels/workbook.xml.rels
11:49:51.757main] DEBUG org.apache.poi.openxml4j.opc.PackageRelationshipCollection.parseRelationshipsPart(PackageRelationshipCollection.java:307)opper - Parsing relationship: /xl/worksheets/_rels/sheet1.xml.rels
11:49:51.761main] DEBUG org.apache.poi.openxml4j.opc.PackageRelationshipCollection.parseRelationshipsPart(PackageRelationshipCollection.java:307)opper - Parsing relationship: /_rels/.rels
11:49:51.846main] DEBUG org.apache.poi.openxml4j.opc.PackageRelationshipCollection.parseRelationshipsPart(PackageRelationshipCollection.java:307)opper - Parsing relationship: /xl/_rels/workbook.xml.rels
11:49:51.848main] DEBUG org.apache.poi.openxml4j.opc.PackageRelationshipCollection.parseRelationshipsPart(PackageRelationshipCollection.java:307)opper - Parsing relationship: /xl/worksheets/_rels/sheet1.xml.rels
11:49:51.854main] DEBUG org.apache.poi.openxml4j.opc.PackageRelationshipCollection.parseRelationshipsPart(PackageRelationshipCollection.java:307)opper - Parsing relationship: /_rels/.rels
11:49:51.901main] DEBUG org.apache.poi.openxml4j.opc.PackageRelationshipCollection.parseRelationshipsPart(PackageRelationshipCollection.java:307)opper - Parsing relationship: /xl/_rels/workbook.xml.rels
11:49:51.904main] DEBUG org.apache.poi.openxml4j.opc.PackageRelationshipCollection.parseRelationshipsPart(PackageRelationshipCollection.java:307)opper - Parsing relationship: /xl/worksheets/_rels/sheet1.xml.rels
11:49:51.908main] DEBUG org.apache.poi.openxml4j.opc.PackageRelationshipCollection.parseRelationshipsPart(PackageRelationshipCollection.java:307)opper - Parsing relationship: /_rels/.rels
11:49:51.956main] DEBUG org.apache.poi.openxml4j.opc.PackageRelationshipCollection.parseRelationshipsPart(PackageRelationshipCollection.java:307)opper - Parsing relationship: /xl/_rels/workbook.xml.rels
11:49:51.958main] DEBUG org.apache.poi.openxml4j.opc.PackageRelationshipCollection.parseRelationshipsPart(PackageRelationshipCollection.java:307)opper - Parsing relationship: /xl/worksheets/_rels/sheet1.xml.rels
11:49:51.960main] DEBUG org.apache.poi.openxml4j.opc.PackageRelationshipCollection.parseRelationshipsPart(PackageRelationshipCollection.java:307)opper - Parsing relationship: /_rels/.rels
11:49:52.012main] INFO  testCases.TC003_LoginDDT.verify_loginDDT(TC003_LoginDDT.java:18)opper - **** Starting TC_003_LoginDDT ****
11:50:17.283main] INFO  testCases.TC003_LoginDDT.verify_loginDDT(TC003_LoginDDT.java:65)opper - **** Finished TC_003_LoginDDT ****
11:50:17.307main] INFO  testCases.TC003_LoginDDT.verify_loginDDT(TC003_LoginDDT.java:18)opper - **** Starting TC_003_LoginDDT ****
11:50:26.190main] INFO  testCases.TC003_LoginDDT.verify_loginDDT(TC003_LoginDDT.java:65)opper - **** Finished TC_003_LoginDDT ****
11:50:26.199main] INFO  testCases.TC003_LoginDDT.verify_loginDDT(TC003_LoginDDT.java:18)opper - **** Starting TC_003_LoginDDT ****
11:50:39.399main] INFO  testCases.TC003_LoginDDT.verify_loginDDT(TC003_LoginDDT.java:65)opper - **** Finished TC_003_LoginDDT ****
11:50:39.410main] INFO  testCases.TC003_LoginDDT.verify_loginDDT(TC003_LoginDDT.java:18)opper - **** Starting TC_003_LoginDDT ****
11:51:06.076main] INFO  testCases.TC003_LoginDDT.verify_loginDDT(TC003_LoginDDT.java:18)opper - **** Starting TC_003_LoginDDT ****
11:51:19.538main] INFO  testCases.TC003_LoginDDT.verify_loginDDT(TC003_LoginDDT.java:18)opper - **** Starting TC_003_LoginDDT ****
11:51:29.739main] INFO  testCases.TC003_LoginDDT.verify_loginDDT(TC003_LoginDDT.java:18)opper - **** Starting TC_003_LoginDDT ****
11:51:39.958main] INFO  testCases.TC003_LoginDDT.verify_loginDDT(TC003_LoginDDT.java:18)opper - **** Starting TC_003_LoginDDT ****
12:00:49.709main] DEBUG org.testng.log4testng.Logger.debug(Logger.java:82)opper - suiteXmlPath: "C:\Users\Ganga\eclipse-workspace\OpenCartV121\test-output\testng-failed.xml"
12:00:50.679main] INFO  org.testng.log4testng.Logger.info(Logger.java:112)opper - [TestNG] Running:
  C:\Users\Ganga\eclipse-workspace\OpenCartV121\test-output\testng-failed.xml

12:01:23.040main] DEBUG org.apache.poi.openxml4j.opc.PackageRelationshipCollection.parseRelationshipsPart(PackageRelationshipCollection.java:307)opper - Parsing relationship: /xl/_rels/workbook.xml.rels
12:01:23.049main] DEBUG org.apache.poi.openxml4j.opc.PackageRelationshipCollection.parseRelationshipsPart(PackageRelationshipCollection.java:307)opper - Parsing relationship: /xl/worksheets/_rels/sheet1.xml.rels
12:01:23.058main] DEBUG org.apache.poi.openxml4j.opc.PackageRelationshipCollection.parseRelationshipsPart(PackageRelationshipCollection.java:307)opper - Parsing relationship: /_rels/.rels
12:01:28.479main] DEBUG org.apache.poi.openxml4j.opc.PackageRelationshipCollection.parseRelationshipsPart(PackageRelationshipCollection.java:307)opper - Parsing relationship: /xl/_rels/workbook.xml.rels
12:01:28.483main] DEBUG org.apache.poi.openxml4j.opc.PackageRelationshipCollection.parseRelationshipsPart(PackageRelationshipCollection.java:307)opper - Parsing relationship: /xl/worksheets/_rels/sheet1.xml.rels
12:01:28.489main] DEBUG org.apache.poi.openxml4j.opc.PackageRelationshipCollection.parseRelationshipsPart(PackageRelationshipCollection.java:307)opper - Parsing relationship: /_rels/.rels
12:01:28.554main] DEBUG org.apache.poi.openxml4j.opc.PackageRelationshipCollection.parseRelationshipsPart(PackageRelationshipCollection.java:307)opper - Parsing relationship: /xl/_rels/workbook.xml.rels
12:01:28.558main] DEBUG org.apache.poi.openxml4j.opc.PackageRelationshipCollection.parseRelationshipsPart(PackageRelationshipCollection.java:307)opper - Parsing relationship: /xl/worksheets/_rels/sheet1.xml.rels
12:01:28.561main] DEBUG org.apache.poi.openxml4j.opc.PackageRelationshipCollection.parseRelationshipsPart(PackageRelationshipCollection.java:307)opper - Parsing relationship: /_rels/.rels
12:01:28.649main] DEBUG org.apache.poi.openxml4j.opc.PackageRelationshipCollection.parseRelationshipsPart(PackageRelationshipCollection.java:307)opper - Parsing relationship: /xl/_rels/workbook.xml.rels
12:01:28.652main] DEBUG org.apache.poi.openxml4j.opc.PackageRelationshipCollection.parseRelationshipsPart(PackageRelationshipCollection.java:307)opper - Parsing relationship: /xl/worksheets/_rels/sheet1.xml.rels
12:01:28.658main] DEBUG org.apache.poi.openxml4j.opc.PackageRelationshipCollection.parseRelationshipsPart(PackageRelationshipCollection.java:307)opper - Parsing relationship: /_rels/.rels
12:01:28.715main] DEBUG org.apache.poi.openxml4j.opc.PackageRelationshipCollection.parseRelationshipsPart(PackageRelationshipCollection.java:307)opper - Parsing relationship: /xl/_rels/workbook.xml.rels
12:01:28.718main] DEBUG org.apache.poi.openxml4j.opc.PackageRelationshipCollection.parseRelationshipsPart(PackageRelationshipCollection.java:307)opper - Parsing relationship: /xl/worksheets/_rels/sheet1.xml.rels
12:01:28.723main] DEBUG org.apache.poi.openxml4j.opc.PackageRelationshipCollection.parseRelationshipsPart(PackageRelationshipCollection.java:307)opper - Parsing relationship: /_rels/.rels
12:01:28.791main] DEBUG org.apache.poi.openxml4j.opc.PackageRelationshipCollection.parseRelationshipsPart(PackageRelationshipCollection.java:307)opper - Parsing relationship: /xl/_rels/workbook.xml.rels
12:01:28.799main] DEBUG org.apache.poi.openxml4j.opc.PackageRelationshipCollection.parseRelationshipsPart(PackageRelationshipCollection.java:307)opper - Parsing relationship: /xl/worksheets/_rels/sheet1.xml.rels
12:01:28.806main] DEBUG org.apache.poi.openxml4j.opc.PackageRelationshipCollection.parseRelationshipsPart(PackageRelationshipCollection.java:307)opper - Parsing relationship: /_rels/.rels
12:01:28.906main] DEBUG org.apache.poi.openxml4j.opc.PackageRelationshipCollection.parseRelationshipsPart(PackageRelationshipCollection.java:307)opper - Parsing relationship: /xl/_rels/workbook.xml.rels
12:01:28.918main] DEBUG org.apache.poi.openxml4j.opc.PackageRelationshipCollection.parseRelationshipsPart(PackageRelationshipCollection.java:307)opper - Parsing relationship: /xl/worksheets/_rels/sheet1.xml.rels
12:01:28.933main] DEBUG org.apache.poi.openxml4j.opc.PackageRelationshipCollection.parseRelationshipsPart(PackageRelationshipCollection.java:307)opper - Parsing relationship: /_rels/.rels
12:01:29.022main] DEBUG org.apache.poi.openxml4j.opc.PackageRelationshipCollection.parseRelationshipsPart(PackageRelationshipCollection.java:307)opper - Parsing relationship: /xl/_rels/workbook.xml.rels
12:01:29.031main] DEBUG org.apache.poi.openxml4j.opc.PackageRelationshipCollection.parseRelationshipsPart(PackageRelationshipCollection.java:307)opper - Parsing relationship: /xl/worksheets/_rels/sheet1.xml.rels
12:01:29.036main] DEBUG org.apache.poi.openxml4j.opc.PackageRelationshipCollection.parseRelationshipsPart(PackageRelationshipCollection.java:307)opper - Parsing relationship: /_rels/.rels
12:01:29.129main] DEBUG org.apache.poi.openxml4j.opc.PackageRelationshipCollection.parseRelationshipsPart(PackageRelationshipCollection.java:307)opper - Parsing relationship: /xl/_rels/workbook.xml.rels
12:01:29.135main] DEBUG org.apache.poi.openxml4j.opc.PackageRelationshipCollection.parseRelationshipsPart(PackageRelationshipCollection.java:307)opper - Parsing relationship: /xl/worksheets/_rels/sheet1.xml.rels
12:01:29.140main] DEBUG org.apache.poi.openxml4j.opc.PackageRelationshipCollection.parseRelationshipsPart(PackageRelationshipCollection.java:307)opper - Parsing relationship: /_rels/.rels
